2026-01-08 14:46:19,950 - INFO - load_ADP_Employment_change - load_ADP_Employment_change.py - main:262 - Started ADP scraper
2026-01-08 14:46:19,952 - INFO - load_ADP_Employment_change - load_ADP_Employment_change.py - main:270 - Attempt 1/3: Initializing Chrome driver...
2026-01-08 14:46:22,986 - INFO - load_ADP_Employment_change - load_ADP_Employment_change.py - main:273 - Loading page: https://www.investing.com/economic-calendar/adp-nonfarm-employment-change-1
2026-01-08 14:46:24,183 - INFO - load_ADP_Employment_change - load_ADP_Employment_change.py - main:275 - ✓ Page loaded successfully
2026-01-08 14:46:29,339 - WARNING - load_ADP_Employment_change - load_ADP_Employment_change.py - main:284 - No cookie consent banner found, continuing without it
2026-01-08 14:46:29,339 - INFO - load_ADP_Employment_change - load_ADP_Employment_change.py - main:286 - Clicking 'Show more' to load historical data...
2026-01-08 14:46:29,376 - INFO - load_ADP_Employment_change - load_ADP_Employment_change.py - click_show_more:68 - Current row count: 6
2026-01-08 14:46:29,503 - INFO - load_ADP_Employment_change - load_ADP_Employment_change.py - click_show_more:86 - Clicked 'Show more' (click #1)
2026-01-08 14:46:30,099 - INFO - load_ADP_Employment_change - load_ADP_Employment_change.py - click_show_more:93 - ✓ New rows loaded
2026-01-08 14:46:30,103 - INFO - load_ADP_Employment_change - load_ADP_Employment_change.py - click_show_more:68 - Current row count: 12
2026-01-08 14:46:30,127 - INFO - load_ADP_Employment_change - load_ADP_Employment_change.py - click_show_more:86 - Clicked 'Show more' (click #2)
2026-01-08 14:46:30,700 - INFO - load_ADP_Employment_change - load_ADP_Employment_change.py - click_show_more:93 - ✓ New rows loaded
2026-01-08 14:46:30,720 - INFO - load_ADP_Employment_change - load_ADP_Employment_change.py - click_show_more:68 - Current row count: 18
2026-01-08 14:46:30,735 - INFO - load_ADP_Employment_change - load_ADP_Employment_change.py - click_show_more:86 - Clicked 'Show more' (click #3)
2026-01-08 14:46:31,254 - INFO - load_ADP_Employment_change - load_ADP_Employment_change.py - click_show_more:93 - ✓ New rows loaded
2026-01-08 14:46:31,257 - INFO - load_ADP_Employment_change - load_ADP_Employment_change.py - click_show_more:68 - Current row count: 24
2026-01-08 14:46:31,277 - INFO - load_ADP_Employment_change - load_ADP_Employment_change.py - click_show_more:86 - Clicked 'Show more' (click #4)
2026-01-08 14:46:31,803 - INFO - load_ADP_Employment_change - load_ADP_Employment_change.py - click_show_more:93 - ✓ New rows loaded
2026-01-08 14:46:31,808 - INFO - load_ADP_Employment_change - load_ADP_Employment_change.py - click_show_more:68 - Current row count: 30
2026-01-08 14:46:31,848 - INFO - load_ADP_Employment_change - load_ADP_Employment_change.py - click_show_more:86 - Clicked 'Show more' (click #5)
2026-01-08 14:46:32,371 - INFO - load_ADP_Employment_change - load_ADP_Employment_change.py - click_show_more:93 - ✓ New rows loaded
2026-01-08 14:46:32,374 - INFO - load_ADP_Employment_change - load_ADP_Employment_change.py - click_show_more:68 - Current row count: 36
2026-01-08 14:46:32,396 - INFO - load_ADP_Employment_change - load_ADP_Employment_change.py - click_show_more:86 - Clicked 'Show more' (click #6)
2026-01-08 14:46:32,917 - INFO - load_ADP_Employment_change - load_ADP_Employment_change.py - click_show_more:93 - ✓ New rows loaded
2026-01-08 14:46:32,922 - INFO - load_ADP_Employment_change - load_ADP_Employment_change.py - click_show_more:68 - Current row count: 42
2026-01-08 14:46:32,936 - INFO - load_ADP_Employment_change - load_ADP_Employment_change.py - click_show_more:86 - Clicked 'Show more' (click #7)
2026-01-08 14:46:33,458 - INFO - load_ADP_Employment_change - load_ADP_Employment_change.py - click_show_more:93 - ✓ New rows loaded
2026-01-08 14:46:33,463 - INFO - load_ADP_Employment_change - load_ADP_Employment_change.py - click_show_more:68 - Current row count: 48
2026-01-08 14:46:33,480 - INFO - load_ADP_Employment_change - load_ADP_Employment_change.py - click_show_more:86 - Clicked 'Show more' (click #8)
2026-01-08 14:46:34,001 - INFO - load_ADP_Employment_change - load_ADP_Employment_change.py - click_show_more:93 - ✓ New rows loaded
2026-01-08 14:46:34,006 - INFO - load_ADP_Employment_change - load_ADP_Employment_change.py - click_show_more:68 - Current row count: 54
2026-01-08 14:46:34,021 - INFO - load_ADP_Employment_change - load_ADP_Employment_change.py - click_show_more:86 - Clicked 'Show more' (click #9)
2026-01-08 14:46:34,535 - INFO - load_ADP_Employment_change - load_ADP_Employment_change.py - click_show_more:93 - ✓ New rows loaded
2026-01-08 14:46:34,540 - INFO - load_ADP_Employment_change - load_ADP_Employment_change.py - click_show_more:68 - Current row count: 60
2026-01-08 14:46:34,553 - INFO - load_ADP_Employment_change - load_ADP_Employment_change.py - click_show_more:86 - Clicked 'Show more' (click #10)
2026-01-08 14:46:35,103 - INFO - load_ADP_Employment_change - load_ADP_Employment_change.py - click_show_more:93 - ✓ New rows loaded
2026-01-08 14:46:35,107 - INFO - load_ADP_Employment_change - load_ADP_Employment_change.py - click_show_more:68 - Current row count: 66
2026-01-08 14:46:35,122 - INFO - load_ADP_Employment_change - load_ADP_Employment_change.py - click_show_more:86 - Clicked 'Show more' (click #11)
2026-01-08 14:46:35,641 - INFO - load_ADP_Employment_change - load_ADP_Employment_change.py - click_show_more:93 - ✓ New rows loaded
2026-01-08 14:46:35,647 - INFO - load_ADP_Employment_change - load_ADP_Employment_change.py - click_show_more:68 - Current row count: 72
2026-01-08 14:46:35,666 - INFO - load_ADP_Employment_change - load_ADP_Employment_change.py - click_show_more:86 - Clicked 'Show more' (click #12)
2026-01-08 14:46:36,181 - INFO - load_ADP_Employment_change - load_ADP_Employment_change.py - click_show_more:93 - ✓ New rows loaded
2026-01-08 14:46:36,186 - INFO - load_ADP_Employment_change - load_ADP_Employment_change.py - click_show_more:68 - Current row count: 78
2026-01-08 14:46:36,202 - INFO - load_ADP_Employment_change - load_ADP_Employment_change.py - click_show_more:86 - Clicked 'Show more' (click #13)
2026-01-08 14:46:36,729 - INFO - load_ADP_Employment_change - load_ADP_Employment_change.py - click_show_more:93 - ✓ New rows loaded
2026-01-08 14:46:36,737 - INFO - load_ADP_Employment_change - load_ADP_Employment_change.py - click_show_more:68 - Current row count: 84
2026-01-08 14:46:36,754 - INFO - load_ADP_Employment_change - load_ADP_Employment_change.py - click_show_more:86 - Clicked 'Show more' (click #14)
2026-01-08 14:46:37,285 - INFO - load_ADP_Employment_change - load_ADP_Employment_change.py - click_show_more:93 - ✓ New rows loaded
2026-01-08 14:46:37,292 - INFO - load_ADP_Employment_change - load_ADP_Employment_change.py - click_show_more:68 - Current row count: 90
2026-01-08 14:46:37,312 - INFO - load_ADP_Employment_change - load_ADP_Employment_change.py - click_show_more:86 - Clicked 'Show more' (click #15)
2026-01-08 14:46:37,834 - INFO - load_ADP_Employment_change - load_ADP_Employment_change.py - click_show_more:93 - ✓ New rows loaded
2026-01-08 14:46:37,842 - INFO - load_ADP_Employment_change - load_ADP_Employment_change.py - click_show_more:68 - Current row count: 96
2026-01-08 14:46:37,861 - INFO - load_ADP_Employment_change - load_ADP_Employment_change.py - click_show_more:86 - Clicked 'Show more' (click #16)
2026-01-08 14:46:38,391 - INFO - load_ADP_Employment_change - load_ADP_Employment_change.py - click_show_more:93 - ✓ New rows loaded
2026-01-08 14:46:38,400 - INFO - load_ADP_Employment_change - load_ADP_Employment_change.py - click_show_more:68 - Current row count: 102
2026-01-08 14:46:38,418 - INFO - load_ADP_Employment_change - load_ADP_Employment_change.py - click_show_more:86 - Clicked 'Show more' (click #17)
2026-01-08 14:46:38,947 - INFO - load_ADP_Employment_change - load_ADP_Employment_change.py - click_show_more:93 - ✓ New rows loaded
2026-01-08 14:46:38,955 - INFO - load_ADP_Employment_change - load_ADP_Employment_change.py - click_show_more:68 - Current row count: 108
2026-01-08 14:46:38,977 - INFO - load_ADP_Employment_change - load_ADP_Employment_change.py - click_show_more:86 - Clicked 'Show more' (click #18)
2026-01-08 14:46:39,493 - INFO - load_ADP_Employment_change - load_ADP_Employment_change.py - click_show_more:93 - ✓ New rows loaded
2026-01-08 14:46:39,499 - INFO - load_ADP_Employment_change - load_ADP_Employment_change.py - click_show_more:68 - Current row count: 114
2026-01-08 14:46:39,517 - INFO - load_ADP_Employment_change - load_ADP_Employment_change.py - click_show_more:86 - Clicked 'Show more' (click #19)
2026-01-08 14:46:40,040 - INFO - load_ADP_Employment_change - load_ADP_Employment_change.py - click_show_more:93 - ✓ New rows loaded
2026-01-08 14:46:40,048 - INFO - load_ADP_Employment_change - load_ADP_Employment_change.py - click_show_more:68 - Current row count: 120
2026-01-08 14:46:40,063 - INFO - load_ADP_Employment_change - load_ADP_Employment_change.py - click_show_more:86 - Clicked 'Show more' (click #20)
2026-01-08 14:46:40,593 - INFO - load_ADP_Employment_change - load_ADP_Employment_change.py - click_show_more:93 - ✓ New rows loaded
2026-01-08 14:46:40,603 - INFO - load_ADP_Employment_change - load_ADP_Employment_change.py - click_show_more:68 - Current row count: 126
2026-01-08 14:46:40,623 - INFO - load_ADP_Employment_change - load_ADP_Employment_change.py - click_show_more:86 - Clicked 'Show more' (click #21)
2026-01-08 14:46:41,150 - INFO - load_ADP_Employment_change - load_ADP_Employment_change.py - click_show_more:93 - ✓ New rows loaded
2026-01-08 14:46:41,158 - INFO - load_ADP_Employment_change - load_ADP_Employment_change.py - click_show_more:68 - Current row count: 132
2026-01-08 14:46:41,178 - INFO - load_ADP_Employment_change - load_ADP_Employment_change.py - click_show_more:86 - Clicked 'Show more' (click #22)
2026-01-08 14:46:41,698 - INFO - load_ADP_Employment_change - load_ADP_Employment_change.py - click_show_more:93 - ✓ New rows loaded
2026-01-08 14:46:41,703 - INFO - load_ADP_Employment_change - load_ADP_Employment_change.py - click_show_more:68 - Current row count: 138
2026-01-08 14:46:41,720 - INFO - load_ADP_Employment_change - load_ADP_Employment_change.py - click_show_more:86 - Clicked 'Show more' (click #23)
2026-01-08 14:46:42,245 - INFO - load_ADP_Employment_change - load_ADP_Employment_change.py - click_show_more:93 - ✓ New rows loaded
2026-01-08 14:46:42,254 - INFO - load_ADP_Employment_change - load_ADP_Employment_change.py - click_show_more:68 - Current row count: 144
2026-01-08 14:46:42,269 - INFO - load_ADP_Employment_change - load_ADP_Employment_change.py - click_show_more:86 - Clicked 'Show more' (click #24)
2026-01-08 14:46:42,799 - INFO - load_ADP_Employment_change - load_ADP_Employment_change.py - click_show_more:93 - ✓ New rows loaded
2026-01-08 14:46:42,808 - INFO - load_ADP_Employment_change - load_ADP_Employment_change.py - click_show_more:68 - Current row count: 150
2026-01-08 14:46:42,827 - INFO - load_ADP_Employment_change - load_ADP_Employment_change.py - click_show_more:86 - Clicked 'Show more' (click #25)
2026-01-08 14:46:43,352 - INFO - load_ADP_Employment_change - load_ADP_Employment_change.py - click_show_more:93 - ✓ New rows loaded
2026-01-08 14:46:43,361 - INFO - load_ADP_Employment_change - load_ADP_Employment_change.py - click_show_more:68 - Current row count: 156
2026-01-08 14:46:43,379 - INFO - load_ADP_Employment_change - load_ADP_Employment_change.py - click_show_more:86 - Clicked 'Show more' (click #26)
2026-01-08 14:46:43,910 - INFO - load_ADP_Employment_change - load_ADP_Employment_change.py - click_show_more:93 - ✓ New rows loaded
2026-01-08 14:46:43,921 - INFO - load_ADP_Employment_change - load_ADP_Employment_change.py - click_show_more:68 - Current row count: 162
2026-01-08 14:46:43,937 - INFO - load_ADP_Employment_change - load_ADP_Employment_change.py - click_show_more:86 - Clicked 'Show more' (click #27)
2026-01-08 14:46:44,458 - INFO - load_ADP_Employment_change - load_ADP_Employment_change.py - click_show_more:93 - ✓ New rows loaded
2026-01-08 14:46:44,465 - INFO - load_ADP_Employment_change - load_ADP_Employment_change.py - click_show_more:68 - Current row count: 168
2026-01-08 14:46:44,484 - INFO - load_ADP_Employment_change - load_ADP_Employment_change.py - click_show_more:86 - Clicked 'Show more' (click #28)
2026-01-08 14:46:45,014 - INFO - load_ADP_Employment_change - load_ADP_Employment_change.py - click_show_more:93 - ✓ New rows loaded
2026-01-08 14:46:45,023 - INFO - load_ADP_Employment_change - load_ADP_Employment_change.py - click_show_more:68 - Current row count: 174
2026-01-08 14:46:45,044 - INFO - load_ADP_Employment_change - load_ADP_Employment_change.py - click_show_more:86 - Clicked 'Show more' (click #29)
2026-01-08 14:46:45,574 - INFO - load_ADP_Employment_change - load_ADP_Employment_change.py - click_show_more:93 - ✓ New rows loaded
2026-01-08 14:46:45,585 - INFO - load_ADP_Employment_change - load_ADP_Employment_change.py - click_show_more:68 - Current row count: 180
2026-01-08 14:46:45,603 - INFO - load_ADP_Employment_change - load_ADP_Employment_change.py - click_show_more:86 - Clicked 'Show more' (click #30)
2026-01-08 14:46:46,135 - INFO - load_ADP_Employment_change - load_ADP_Employment_change.py - click_show_more:93 - ✓ New rows loaded
2026-01-08 14:46:46,145 - INFO - load_ADP_Employment_change - load_ADP_Employment_change.py - click_show_more:68 - Current row count: 186
2026-01-08 14:46:46,169 - INFO - load_ADP_Employment_change - load_ADP_Employment_change.py - click_show_more:86 - Clicked 'Show more' (click #31)
2026-01-08 14:46:46,695 - INFO - load_ADP_Employment_change - load_ADP_Employment_change.py - click_show_more:93 - ✓ New rows loaded
2026-01-08 14:46:46,703 - INFO - load_ADP_Employment_change - load_ADP_Employment_change.py - click_show_more:68 - Current row count: 192
2026-01-08 14:46:46,718 - INFO - load_ADP_Employment_change - load_ADP_Employment_change.py - click_show_more:86 - Clicked 'Show more' (click #32)
2026-01-08 14:46:47,245 - INFO - load_ADP_Employment_change - load_ADP_Employment_change.py - click_show_more:93 - ✓ New rows loaded
2026-01-08 14:46:47,250 - INFO - load_ADP_Employment_change - load_ADP_Employment_change.py - click_show_more:68 - Current row count: 198
2026-01-08 14:46:47,261 - INFO - load_ADP_Employment_change - load_ADP_Employment_change.py - click_show_more:86 - Clicked 'Show more' (click #33)
2026-01-08 14:46:47,789 - INFO - load_ADP_Employment_change - load_ADP_Employment_change.py - click_show_more:93 - ✓ New rows loaded
2026-01-08 14:46:47,799 - INFO - load_ADP_Employment_change - load_ADP_Employment_change.py - click_show_more:68 - Current row count: 204
2026-01-08 14:46:47,817 - INFO - load_ADP_Employment_change - load_ADP_Employment_change.py - click_show_more:86 - Clicked 'Show more' (click #34)
2026-01-08 14:46:48,350 - INFO - load_ADP_Employment_change - load_ADP_Employment_change.py - click_show_more:93 - ✓ New rows loaded
2026-01-08 14:46:48,360 - INFO - load_ADP_Employment_change - load_ADP_Employment_change.py - click_show_more:68 - Current row count: 210
2026-01-08 14:46:48,378 - INFO - load_ADP_Employment_change - load_ADP_Employment_change.py - click_show_more:86 - Clicked 'Show more' (click #35)
2026-01-08 14:46:48,907 - INFO - load_ADP_Employment_change - load_ADP_Employment_change.py - click_show_more:93 - ✓ New rows loaded
2026-01-08 14:46:48,917 - INFO - load_ADP_Employment_change - load_ADP_Employment_change.py - click_show_more:68 - Current row count: 216
2026-01-08 14:46:48,935 - INFO - load_ADP_Employment_change - load_ADP_Employment_change.py - click_show_more:86 - Clicked 'Show more' (click #36)
2026-01-08 14:46:49,467 - INFO - load_ADP_Employment_change - load_ADP_Employment_change.py - click_show_more:93 - ✓ New rows loaded
2026-01-08 14:46:49,473 - INFO - load_ADP_Employment_change - load_ADP_Employment_change.py - click_show_more:68 - Current row count: 222
2026-01-08 14:46:49,486 - INFO - load_ADP_Employment_change - load_ADP_Employment_change.py - click_show_more:86 - Clicked 'Show more' (click #37)
2026-01-08 14:46:50,014 - INFO - load_ADP_Employment_change - load_ADP_Employment_change.py - click_show_more:93 - ✓ New rows loaded
2026-01-08 14:46:50,024 - INFO - load_ADP_Employment_change - load_ADP_Employment_change.py - click_show_more:68 - Current row count: 228
2026-01-08 14:46:50,042 - INFO - load_ADP_Employment_change - load_ADP_Employment_change.py - click_show_more:86 - Clicked 'Show more' (click #38)
2026-01-08 14:46:50,576 - INFO - load_ADP_Employment_change - load_ADP_Employment_change.py - click_show_more:93 - ✓ New rows loaded
2026-01-08 14:46:50,586 - INFO - load_ADP_Employment_change - load_ADP_Employment_change.py - click_show_more:68 - Current row count: 234
2026-01-08 14:46:50,602 - INFO - load_ADP_Employment_change - load_ADP_Employment_change.py - click_show_more:86 - Clicked 'Show more' (click #39)
2026-01-08 14:46:51,135 - INFO - load_ADP_Employment_change - load_ADP_Employment_change.py - click_show_more:93 - ✓ New rows loaded
2026-01-08 14:46:51,146 - INFO - load_ADP_Employment_change - load_ADP_Employment_change.py - click_show_more:68 - Current row count: 240
2026-01-08 14:46:51,167 - INFO - load_ADP_Employment_change - load_ADP_Employment_change.py - click_show_more:86 - Clicked 'Show more' (click #40)
2026-01-08 14:46:51,700 - INFO - load_ADP_Employment_change - load_ADP_Employment_change.py - click_show_more:93 - ✓ New rows loaded
2026-01-08 14:46:51,711 - INFO - load_ADP_Employment_change - load_ADP_Employment_change.py - click_show_more:68 - Current row count: 246
2026-01-08 14:46:51,729 - INFO - load_ADP_Employment_change - load_ADP_Employment_change.py - click_show_more:86 - Clicked 'Show more' (click #41)
2026-01-08 14:46:52,264 - INFO - load_ADP_Employment_change - load_ADP_Employment_change.py - click_show_more:93 - ✓ New rows loaded
2026-01-08 14:46:52,274 - INFO - load_ADP_Employment_change - load_ADP_Employment_change.py - click_show_more:68 - Current row count: 252
2026-01-08 14:46:52,291 - INFO - load_ADP_Employment_change - load_ADP_Employment_change.py - click_show_more:86 - Clicked 'Show more' (click #42)
2026-01-08 14:46:52,823 - INFO - load_ADP_Employment_change - load_ADP_Employment_change.py - click_show_more:93 - ✓ New rows loaded
2026-01-08 14:46:52,834 - INFO - load_ADP_Employment_change - load_ADP_Employment_change.py - click_show_more:68 - Current row count: 258
2026-01-08 14:46:52,851 - INFO - load_ADP_Employment_change - load_ADP_Employment_change.py - click_show_more:86 - Clicked 'Show more' (click #43)
2026-01-08 14:46:53,385 - INFO - load_ADP_Employment_change - load_ADP_Employment_change.py - click_show_more:93 - ✓ New rows loaded
2026-01-08 14:46:53,396 - INFO - load_ADP_Employment_change - load_ADP_Employment_change.py - click_show_more:68 - Current row count: 264
2026-01-08 14:46:53,414 - INFO - load_ADP_Employment_change - load_ADP_Employment_change.py - click_show_more:86 - Clicked 'Show more' (click #44)
2026-01-08 14:46:53,950 - INFO - load_ADP_Employment_change - load_ADP_Employment_change.py - click_show_more:93 - ✓ New rows loaded
2026-01-08 14:46:53,961 - INFO - load_ADP_Employment_change - load_ADP_Employment_change.py - click_show_more:68 - Current row count: 270
2026-01-08 14:46:53,980 - INFO - load_ADP_Employment_change - load_ADP_Employment_change.py - click_show_more:86 - Clicked 'Show more' (click #45)
2026-01-08 14:46:54,510 - INFO - load_ADP_Employment_change - load_ADP_Employment_change.py - click_show_more:93 - ✓ New rows loaded
2026-01-08 14:46:54,520 - INFO - load_ADP_Employment_change - load_ADP_Employment_change.py - click_show_more:68 - Current row count: 276
2026-01-08 14:46:54,538 - INFO - load_ADP_Employment_change - load_ADP_Employment_change.py - click_show_more:86 - Clicked 'Show more' (click #46)
2026-01-08 14:46:57,154 - INFO - load_ADP_Employment_change - load_ADP_Employment_change.py - click_show_more:93 - ✓ New rows loaded
2026-01-08 14:46:57,167 - INFO - load_ADP_Employment_change - load_ADP_Employment_change.py - click_show_more:68 - Current row count: 282
2026-01-08 14:46:57,193 - INFO - load_ADP_Employment_change - load_ADP_Employment_change.py - click_show_more:86 - Clicked 'Show more' (click #47)
2026-01-08 14:46:58,519 - INFO - load_ADP_Employment_change - load_ADP_Employment_change.py - click_show_more:93 - ✓ New rows loaded
2026-01-08 14:46:58,527 - INFO - load_ADP_Employment_change - load_ADP_Employment_change.py - click_show_more:68 - Current row count: 288
2026-01-08 14:46:58,552 - INFO - load_ADP_Employment_change - load_ADP_Employment_change.py - click_show_more:86 - Clicked 'Show more' (click #48)
2026-01-08 14:46:59,077 - INFO - load_ADP_Employment_change - load_ADP_Employment_change.py - click_show_more:93 - ✓ New rows loaded
2026-01-08 14:46:59,084 - INFO - load_ADP_Employment_change - load_ADP_Employment_change.py - click_show_more:68 - Current row count: 294
2026-01-08 14:47:09,283 - INFO - load_ADP_Employment_change - load_ADP_Employment_change.py - click_show_more:99 - Stopped clicking 'Show more': TimeoutException
2026-01-08 14:47:09,292 - INFO - load_ADP_Employment_change - load_ADP_Employment_change.py - click_show_more:103 - Final row count: 294 (after 48 clicks)
2026-01-08 14:47:09,292 - INFO - load_ADP_Employment_change - load_ADP_Employment_change.py - main:289 - Parsing table data...
2026-01-08 14:47:09,362 - INFO - load_ADP_Employment_change - load_ADP_Employment_change.py - parse_table:121 - Parsed 294 rows from the table
2026-01-08 14:47:09,362 - INFO - load_ADP_Employment_change - load_ADP_Employment_change.py - main:292 - Saving 294 rows to CSV...
2026-01-08 14:47:09,363 - INFO - load_ADP_Employment_change - load_ADP_Employment_change.py - save_csv:132 - Saved raw CSV: /Users/dhruvkohli/Desktop/Github Repos/NFP_Predictor/data/Exogenous_data/ADP_data/ADP_Employment_Change_raw.csv
2026-01-08 14:47:09,363 - INFO - load_ADP_Employment_change - load_ADP_Employment_change.py - main:294 - ✓ Scraping completed successfully
2026-01-08 14:47:09,363 - INFO - load_ADP_Employment_change - load_ADP_Employment_change.py - main:312 - Closing Chrome driver...
2026-01-08 14:47:09,436 - INFO - load_ADP_Employment_change - load_ADP_Employment_change.py - main:316 - Formatting ADP data to long format...
2026-01-08 14:47:09,474 - INFO - load_ADP_Employment_change - load_ADP_Employment_change.py - format_adp_data:253 - Processed 507 ADP data points
2026-01-08 14:47:09,474 - INFO - load_ADP_Employment_change - load_ADP_Employment_change.py - format_adp_data:254 - Date range: 2001-05-01 to 2025-12-01
2026-01-08 14:47:09,474 - INFO - load_ADP_Employment_change - load_ADP_Employment_change.py - format_adp_data:255 - Series: ['ADP_actual', 'ADP_forecast']
2026-01-08 14:47:09,500 - INFO - load_ADP_Employment_change - load_ADP_Employment_change.py - format_adp_data:258 - Saved formatted parquet: /Users/dhruvkohli/Desktop/Github Repos/NFP_Predictor/data/Exogenous_data/ADP_data/ADP_Employment_Change.parquet
2026-01-08 14:47:09,500 - INFO - load_ADP_Employment_change - load_ADP_Employment_change.py - main:318 - ✓ ADP data pipeline complete!
2026-01-09 15:51:47,378 - INFO - load_ADP_Employment_change - load_ADP_Employment_change.py - main:262 - Started ADP scraper
2026-01-09 15:51:47,379 - INFO - load_ADP_Employment_change - load_ADP_Employment_change.py - main:270 - Attempt 1/3: Initializing Chrome driver...
2026-01-09 15:51:52,310 - INFO - load_ADP_Employment_change - load_ADP_Employment_change.py - main:273 - Loading page: https://www.investing.com/economic-calendar/adp-nonfarm-employment-change-1
2026-01-09 15:51:53,224 - INFO - load_ADP_Employment_change - load_ADP_Employment_change.py - main:275 - ✓ Page loaded successfully
2026-01-09 15:51:58,742 - WARNING - load_ADP_Employment_change - load_ADP_Employment_change.py - main:284 - No cookie consent banner found, continuing without it
2026-01-09 15:51:58,742 - INFO - load_ADP_Employment_change - load_ADP_Employment_change.py - main:286 - Clicking 'Show more' to load historical data...
2026-01-09 15:51:58,748 - INFO - load_ADP_Employment_change - load_ADP_Employment_change.py - click_show_more:68 - Current row count: 6
2026-01-09 15:51:58,808 - INFO - load_ADP_Employment_change - load_ADP_Employment_change.py - click_show_more:86 - Clicked 'Show more' (click #1)
2026-01-09 15:51:59,324 - INFO - load_ADP_Employment_change - load_ADP_Employment_change.py - click_show_more:93 - ✓ New rows loaded
2026-01-09 15:51:59,326 - INFO - load_ADP_Employment_change - load_ADP_Employment_change.py - click_show_more:68 - Current row count: 12
2026-01-09 15:51:59,356 - INFO - load_ADP_Employment_change - load_ADP_Employment_change.py - click_show_more:86 - Clicked 'Show more' (click #2)
2026-01-09 15:51:59,883 - INFO - load_ADP_Employment_change - load_ADP_Employment_change.py - click_show_more:93 - ✓ New rows loaded
2026-01-09 15:51:59,885 - INFO - load_ADP_Employment_change - load_ADP_Employment_change.py - click_show_more:68 - Current row count: 18
2026-01-09 15:51:59,899 - INFO - load_ADP_Employment_change - load_ADP_Employment_change.py - click_show_more:86 - Clicked 'Show more' (click #3)
2026-01-09 15:52:00,417 - INFO - load_ADP_Employment_change - load_ADP_Employment_change.py - click_show_more:93 - ✓ New rows loaded
2026-01-09 15:52:00,423 - INFO - load_ADP_Employment_change - load_ADP_Employment_change.py - click_show_more:68 - Current row count: 24
2026-01-09 15:52:00,443 - INFO - load_ADP_Employment_change - load_ADP_Employment_change.py - click_show_more:86 - Clicked 'Show more' (click #4)
2026-01-09 15:52:00,960 - INFO - load_ADP_Employment_change - load_ADP_Employment_change.py - click_show_more:93 - ✓ New rows loaded
2026-01-09 15:52:00,966 - INFO - load_ADP_Employment_change - load_ADP_Employment_change.py - click_show_more:68 - Current row count: 30
2026-01-09 15:52:00,985 - INFO - load_ADP_Employment_change - load_ADP_Employment_change.py - click_show_more:86 - Clicked 'Show more' (click #5)
2026-01-09 15:52:01,525 - INFO - load_ADP_Employment_change - load_ADP_Employment_change.py - click_show_more:93 - ✓ New rows loaded
2026-01-09 15:52:01,528 - INFO - load_ADP_Employment_change - load_ADP_Employment_change.py - click_show_more:68 - Current row count: 36
2026-01-09 15:52:01,541 - INFO - load_ADP_Employment_change - load_ADP_Employment_change.py - click_show_more:86 - Clicked 'Show more' (click #6)
2026-01-09 15:52:02,059 - INFO - load_ADP_Employment_change - load_ADP_Employment_change.py - click_show_more:93 - ✓ New rows loaded
2026-01-09 15:52:02,063 - INFO - load_ADP_Employment_change - load_ADP_Employment_change.py - click_show_more:68 - Current row count: 42
2026-01-09 15:52:02,077 - INFO - load_ADP_Employment_change - load_ADP_Employment_change.py - click_show_more:86 - Clicked 'Show more' (click #7)
2026-01-09 15:52:02,588 - INFO - load_ADP_Employment_change - load_ADP_Employment_change.py - click_show_more:93 - ✓ New rows loaded
2026-01-09 15:52:02,592 - INFO - load_ADP_Employment_change - load_ADP_Employment_change.py - click_show_more:68 - Current row count: 48
2026-01-09 15:52:02,606 - INFO - load_ADP_Employment_change - load_ADP_Employment_change.py - click_show_more:86 - Clicked 'Show more' (click #8)
2026-01-09 15:52:03,118 - INFO - load_ADP_Employment_change - load_ADP_Employment_change.py - click_show_more:93 - ✓ New rows loaded
2026-01-09 15:52:03,123 - INFO - load_ADP_Employment_change - load_ADP_Employment_change.py - click_show_more:68 - Current row count: 54
2026-01-09 15:52:03,140 - INFO - load_ADP_Employment_change - load_ADP_Employment_change.py - click_show_more:86 - Clicked 'Show more' (click #9)
2026-01-09 15:52:03,653 - INFO - load_ADP_Employment_change - load_ADP_Employment_change.py - click_show_more:93 - ✓ New rows loaded
2026-01-09 15:52:03,656 - INFO - load_ADP_Employment_change - load_ADP_Employment_change.py - click_show_more:68 - Current row count: 60
2026-01-09 15:52:03,668 - INFO - load_ADP_Employment_change - load_ADP_Employment_change.py - click_show_more:86 - Clicked 'Show more' (click #10)
2026-01-09 15:52:04,181 - INFO - load_ADP_Employment_change - load_ADP_Employment_change.py - click_show_more:93 - ✓ New rows loaded
2026-01-09 15:52:04,185 - INFO - load_ADP_Employment_change - load_ADP_Employment_change.py - click_show_more:68 - Current row count: 66
2026-01-09 15:52:04,200 - INFO - load_ADP_Employment_change - load_ADP_Employment_change.py - click_show_more:86 - Clicked 'Show more' (click #11)
2026-01-09 15:52:04,714 - INFO - load_ADP_Employment_change - load_ADP_Employment_change.py - click_show_more:93 - ✓ New rows loaded
2026-01-09 15:52:04,719 - INFO - load_ADP_Employment_change - load_ADP_Employment_change.py - click_show_more:68 - Current row count: 72
2026-01-09 15:52:04,733 - INFO - load_ADP_Employment_change - load_ADP_Employment_change.py - click_show_more:86 - Clicked 'Show more' (click #12)
2026-01-09 15:52:05,244 - INFO - load_ADP_Employment_change - load_ADP_Employment_change.py - click_show_more:93 - ✓ New rows loaded
2026-01-09 15:52:05,249 - INFO - load_ADP_Employment_change - load_ADP_Employment_change.py - click_show_more:68 - Current row count: 78
2026-01-09 15:52:05,265 - INFO - load_ADP_Employment_change - load_ADP_Employment_change.py - click_show_more:86 - Clicked 'Show more' (click #13)
2026-01-09 15:52:05,783 - INFO - load_ADP_Employment_change - load_ADP_Employment_change.py - click_show_more:93 - ✓ New rows loaded
2026-01-09 15:52:05,790 - INFO - load_ADP_Employment_change - load_ADP_Employment_change.py - click_show_more:68 - Current row count: 84
2026-01-09 15:52:05,810 - INFO - load_ADP_Employment_change - load_ADP_Employment_change.py - click_show_more:86 - Clicked 'Show more' (click #14)
2026-01-09 15:52:06,324 - INFO - load_ADP_Employment_change - load_ADP_Employment_change.py - click_show_more:93 - ✓ New rows loaded
2026-01-09 15:52:06,332 - INFO - load_ADP_Employment_change - load_ADP_Employment_change.py - click_show_more:68 - Current row count: 90
2026-01-09 15:52:06,349 - INFO - load_ADP_Employment_change - load_ADP_Employment_change.py - click_show_more:86 - Clicked 'Show more' (click #15)
2026-01-09 15:52:06,863 - INFO - load_ADP_Employment_change - load_ADP_Employment_change.py - click_show_more:93 - ✓ New rows loaded
2026-01-09 15:52:06,867 - INFO - load_ADP_Employment_change - load_ADP_Employment_change.py - click_show_more:68 - Current row count: 96
2026-01-09 15:52:06,878 - INFO - load_ADP_Employment_change - load_ADP_Employment_change.py - click_show_more:86 - Clicked 'Show more' (click #16)
2026-01-09 15:52:07,407 - INFO - load_ADP_Employment_change - load_ADP_Employment_change.py - click_show_more:93 - ✓ New rows loaded
2026-01-09 15:52:07,415 - INFO - load_ADP_Employment_change - load_ADP_Employment_change.py - click_show_more:68 - Current row count: 102
2026-01-09 15:52:07,437 - INFO - load_ADP_Employment_change - load_ADP_Employment_change.py - click_show_more:86 - Clicked 'Show more' (click #17)
2026-01-09 15:52:07,949 - INFO - load_ADP_Employment_change - load_ADP_Employment_change.py - click_show_more:93 - ✓ New rows loaded
2026-01-09 15:52:07,954 - INFO - load_ADP_Employment_change - load_ADP_Employment_change.py - click_show_more:68 - Current row count: 108
2026-01-09 15:52:07,965 - INFO - load_ADP_Employment_change - load_ADP_Employment_change.py - click_show_more:86 - Clicked 'Show more' (click #18)
2026-01-09 15:52:08,487 - INFO - load_ADP_Employment_change - load_ADP_Employment_change.py - click_show_more:93 - ✓ New rows loaded
2026-01-09 15:52:08,493 - INFO - load_ADP_Employment_change - load_ADP_Employment_change.py - click_show_more:68 - Current row count: 114
2026-01-09 15:52:08,512 - INFO - load_ADP_Employment_change - load_ADP_Employment_change.py - click_show_more:86 - Clicked 'Show more' (click #19)
2026-01-09 15:52:09,029 - INFO - load_ADP_Employment_change - load_ADP_Employment_change.py - click_show_more:93 - ✓ New rows loaded
2026-01-09 15:52:09,036 - INFO - load_ADP_Employment_change - load_ADP_Employment_change.py - click_show_more:68 - Current row count: 120
2026-01-09 15:52:09,054 - INFO - load_ADP_Employment_change - load_ADP_Employment_change.py - click_show_more:86 - Clicked 'Show more' (click #20)
2026-01-09 15:52:09,572 - INFO - load_ADP_Employment_change - load_ADP_Employment_change.py - click_show_more:93 - ✓ New rows loaded
2026-01-09 15:52:09,580 - INFO - load_ADP_Employment_change - load_ADP_Employment_change.py - click_show_more:68 - Current row count: 126
2026-01-09 15:52:09,593 - INFO - load_ADP_Employment_change - load_ADP_Employment_change.py - click_show_more:86 - Clicked 'Show more' (click #21)
2026-01-09 15:52:10,113 - INFO - load_ADP_Employment_change - load_ADP_Employment_change.py - click_show_more:93 - ✓ New rows loaded
2026-01-09 15:52:10,120 - INFO - load_ADP_Employment_change - load_ADP_Employment_change.py - click_show_more:68 - Current row count: 132
2026-01-09 15:52:10,138 - INFO - load_ADP_Employment_change - load_ADP_Employment_change.py - click_show_more:86 - Clicked 'Show more' (click #22)
2026-01-09 15:52:10,668 - INFO - load_ADP_Employment_change - load_ADP_Employment_change.py - click_show_more:93 - ✓ New rows loaded
2026-01-09 15:52:10,677 - INFO - load_ADP_Employment_change - load_ADP_Employment_change.py - click_show_more:68 - Current row count: 138
2026-01-09 15:52:10,697 - INFO - load_ADP_Employment_change - load_ADP_Employment_change.py - click_show_more:86 - Clicked 'Show more' (click #23)
2026-01-09 15:52:11,215 - INFO - load_ADP_Employment_change - load_ADP_Employment_change.py - click_show_more:93 - ✓ New rows loaded
2026-01-09 15:52:11,220 - INFO - load_ADP_Employment_change - load_ADP_Employment_change.py - click_show_more:68 - Current row count: 144
2026-01-09 15:52:11,236 - INFO - load_ADP_Employment_change - load_ADP_Employment_change.py - click_show_more:86 - Clicked 'Show more' (click #24)
2026-01-09 15:52:11,753 - INFO - load_ADP_Employment_change - load_ADP_Employment_change.py - click_show_more:93 - ✓ New rows loaded
2026-01-09 15:52:11,758 - INFO - load_ADP_Employment_change - load_ADP_Employment_change.py - click_show_more:68 - Current row count: 150
2026-01-09 15:52:11,770 - INFO - load_ADP_Employment_change - load_ADP_Employment_change.py - click_show_more:86 - Clicked 'Show more' (click #25)
2026-01-09 15:52:12,298 - INFO - load_ADP_Employment_change - load_ADP_Employment_change.py - click_show_more:93 - ✓ New rows loaded
2026-01-09 15:52:12,306 - INFO - load_ADP_Employment_change - load_ADP_Employment_change.py - click_show_more:68 - Current row count: 156
2026-01-09 15:52:12,331 - INFO - load_ADP_Employment_change - load_ADP_Employment_change.py - click_show_more:86 - Clicked 'Show more' (click #26)
2026-01-09 15:52:12,851 - INFO - load_ADP_Employment_change - load_ADP_Employment_change.py - click_show_more:93 - ✓ New rows loaded
2026-01-09 15:52:12,856 - INFO - load_ADP_Employment_change - load_ADP_Employment_change.py - click_show_more:68 - Current row count: 162
2026-01-09 15:52:12,868 - INFO - load_ADP_Employment_change - load_ADP_Employment_change.py - click_show_more:86 - Clicked 'Show more' (click #27)
2026-01-09 15:52:13,397 - INFO - load_ADP_Employment_change - load_ADP_Employment_change.py - click_show_more:93 - ✓ New rows loaded
2026-01-09 15:52:13,406 - INFO - load_ADP_Employment_change - load_ADP_Employment_change.py - click_show_more:68 - Current row count: 168
2026-01-09 15:52:13,429 - INFO - load_ADP_Employment_change - load_ADP_Employment_change.py - click_show_more:86 - Clicked 'Show more' (click #28)
2026-01-09 15:52:13,949 - INFO - load_ADP_Employment_change - load_ADP_Employment_change.py - click_show_more:93 - ✓ New rows loaded
2026-01-09 15:52:13,954 - INFO - load_ADP_Employment_change - load_ADP_Employment_change.py - click_show_more:68 - Current row count: 174
2026-01-09 15:52:13,971 - INFO - load_ADP_Employment_change - load_ADP_Employment_change.py - click_show_more:86 - Clicked 'Show more' (click #29)
2026-01-09 15:52:14,492 - INFO - load_ADP_Employment_change - load_ADP_Employment_change.py - click_show_more:93 - ✓ New rows loaded
2026-01-09 15:52:14,501 - INFO - load_ADP_Employment_change - load_ADP_Employment_change.py - click_show_more:68 - Current row count: 180
2026-01-09 15:52:14,522 - INFO - load_ADP_Employment_change - load_ADP_Employment_change.py - click_show_more:86 - Clicked 'Show more' (click #30)
2026-01-09 15:52:15,039 - INFO - load_ADP_Employment_change - load_ADP_Employment_change.py - click_show_more:93 - ✓ New rows loaded
2026-01-09 15:52:15,045 - INFO - load_ADP_Employment_change - load_ADP_Employment_change.py - click_show_more:68 - Current row count: 186
2026-01-09 15:52:15,064 - INFO - load_ADP_Employment_change - load_ADP_Employment_change.py - click_show_more:86 - Clicked 'Show more' (click #31)
2026-01-09 15:52:15,594 - INFO - load_ADP_Employment_change - load_ADP_Employment_change.py - click_show_more:93 - ✓ New rows loaded
2026-01-09 15:52:15,604 - INFO - load_ADP_Employment_change - load_ADP_Employment_change.py - click_show_more:68 - Current row count: 192
2026-01-09 15:52:15,622 - INFO - load_ADP_Employment_change - load_ADP_Employment_change.py - click_show_more:86 - Clicked 'Show more' (click #32)
2026-01-09 15:52:16,154 - INFO - load_ADP_Employment_change - load_ADP_Employment_change.py - click_show_more:93 - ✓ New rows loaded
2026-01-09 15:52:16,164 - INFO - load_ADP_Employment_change - load_ADP_Employment_change.py - click_show_more:68 - Current row count: 198
2026-01-09 15:52:16,182 - INFO - load_ADP_Employment_change - load_ADP_Employment_change.py - click_show_more:86 - Clicked 'Show more' (click #33)
2026-01-09 15:52:16,701 - INFO - load_ADP_Employment_change - load_ADP_Employment_change.py - click_show_more:93 - ✓ New rows loaded
2026-01-09 15:52:16,707 - INFO - load_ADP_Employment_change - load_ADP_Employment_change.py - click_show_more:68 - Current row count: 204
2026-01-09 15:52:16,720 - INFO - load_ADP_Employment_change - load_ADP_Employment_change.py - click_show_more:86 - Clicked 'Show more' (click #34)
2026-01-09 15:52:17,251 - INFO - load_ADP_Employment_change - load_ADP_Employment_change.py - click_show_more:93 - ✓ New rows loaded
2026-01-09 15:52:17,261 - INFO - load_ADP_Employment_change - load_ADP_Employment_change.py - click_show_more:68 - Current row count: 210
2026-01-09 15:52:17,285 - INFO - load_ADP_Employment_change - load_ADP_Employment_change.py - click_show_more:86 - Clicked 'Show more' (click #35)
2026-01-09 15:52:17,803 - INFO - load_ADP_Employment_change - load_ADP_Employment_change.py - click_show_more:93 - ✓ New rows loaded
2026-01-09 15:52:17,808 - INFO - load_ADP_Employment_change - load_ADP_Employment_change.py - click_show_more:68 - Current row count: 216
2026-01-09 15:52:17,822 - INFO - load_ADP_Employment_change - load_ADP_Employment_change.py - click_show_more:86 - Clicked 'Show more' (click #36)
2026-01-09 15:52:18,351 - INFO - load_ADP_Employment_change - load_ADP_Employment_change.py - click_show_more:93 - ✓ New rows loaded
2026-01-09 15:52:18,361 - INFO - load_ADP_Employment_change - load_ADP_Employment_change.py - click_show_more:68 - Current row count: 222
2026-01-09 15:52:18,386 - INFO - load_ADP_Employment_change - load_ADP_Employment_change.py - click_show_more:86 - Clicked 'Show more' (click #37)
2026-01-09 15:52:18,907 - INFO - load_ADP_Employment_change - load_ADP_Employment_change.py - click_show_more:93 - ✓ New rows loaded
2026-01-09 15:52:18,913 - INFO - load_ADP_Employment_change - load_ADP_Employment_change.py - click_show_more:68 - Current row count: 228
2026-01-09 15:52:18,926 - INFO - load_ADP_Employment_change - load_ADP_Employment_change.py - click_show_more:86 - Clicked 'Show more' (click #38)
2026-01-09 15:52:19,458 - INFO - load_ADP_Employment_change - load_ADP_Employment_change.py - click_show_more:93 - ✓ New rows loaded
2026-01-09 15:52:19,467 - INFO - load_ADP_Employment_change - load_ADP_Employment_change.py - click_show_more:68 - Current row count: 234
2026-01-09 15:52:19,483 - INFO - load_ADP_Employment_change - load_ADP_Employment_change.py - click_show_more:86 - Clicked 'Show more' (click #39)
2026-01-09 15:52:20,002 - INFO - load_ADP_Employment_change - load_ADP_Employment_change.py - click_show_more:93 - ✓ New rows loaded
2026-01-09 15:52:20,010 - INFO - load_ADP_Employment_change - load_ADP_Employment_change.py - click_show_more:68 - Current row count: 240
2026-01-09 15:52:20,028 - INFO - load_ADP_Employment_change - load_ADP_Employment_change.py - click_show_more:86 - Clicked 'Show more' (click #40)
2026-01-09 15:52:20,562 - INFO - load_ADP_Employment_change - load_ADP_Employment_change.py - click_show_more:93 - ✓ New rows loaded
2026-01-09 15:52:20,574 - INFO - load_ADP_Employment_change - load_ADP_Employment_change.py - click_show_more:68 - Current row count: 246
2026-01-09 15:52:20,598 - INFO - load_ADP_Employment_change - load_ADP_Employment_change.py - click_show_more:86 - Clicked 'Show more' (click #41)
2026-01-09 15:52:21,131 - INFO - load_ADP_Employment_change - load_ADP_Employment_change.py - click_show_more:93 - ✓ New rows loaded
2026-01-09 15:52:21,142 - INFO - load_ADP_Employment_change - load_ADP_Employment_change.py - click_show_more:68 - Current row count: 252
2026-01-09 15:52:21,162 - INFO - load_ADP_Employment_change - load_ADP_Employment_change.py - click_show_more:86 - Clicked 'Show more' (click #42)
2026-01-09 15:52:21,683 - INFO - load_ADP_Employment_change - load_ADP_Employment_change.py - click_show_more:93 - ✓ New rows loaded
2026-01-09 15:52:21,690 - INFO - load_ADP_Employment_change - load_ADP_Employment_change.py - click_show_more:68 - Current row count: 258
2026-01-09 15:52:21,704 - INFO - load_ADP_Employment_change - load_ADP_Employment_change.py - click_show_more:86 - Clicked 'Show more' (click #43)
2026-01-09 15:52:22,235 - INFO - load_ADP_Employment_change - load_ADP_Employment_change.py - click_show_more:93 - ✓ New rows loaded
2026-01-09 15:52:22,245 - INFO - load_ADP_Employment_change - load_ADP_Employment_change.py - click_show_more:68 - Current row count: 264
2026-01-09 15:52:22,265 - INFO - load_ADP_Employment_change - load_ADP_Employment_change.py - click_show_more:86 - Clicked 'Show more' (click #44)
2026-01-09 15:52:22,789 - INFO - load_ADP_Employment_change - load_ADP_Employment_change.py - click_show_more:93 - ✓ New rows loaded
2026-01-09 15:52:22,796 - INFO - load_ADP_Employment_change - load_ADP_Employment_change.py - click_show_more:68 - Current row count: 270
2026-01-09 15:52:22,811 - INFO - load_ADP_Employment_change - load_ADP_Employment_change.py - click_show_more:86 - Clicked 'Show more' (click #45)
2026-01-09 15:52:23,342 - INFO - load_ADP_Employment_change - load_ADP_Employment_change.py - click_show_more:93 - ✓ New rows loaded
2026-01-09 15:52:23,353 - INFO - load_ADP_Employment_change - load_ADP_Employment_change.py - click_show_more:68 - Current row count: 276
2026-01-09 15:52:23,369 - INFO - load_ADP_Employment_change - load_ADP_Employment_change.py - click_show_more:86 - Clicked 'Show more' (click #46)
2026-01-09 15:52:23,891 - INFO - load_ADP_Employment_change - load_ADP_Employment_change.py - click_show_more:93 - ✓ New rows loaded
2026-01-09 15:52:23,899 - INFO - load_ADP_Employment_change - load_ADP_Employment_change.py - click_show_more:68 - Current row count: 282
2026-01-09 15:52:23,911 - INFO - load_ADP_Employment_change - load_ADP_Employment_change.py - click_show_more:86 - Clicked 'Show more' (click #47)
2026-01-09 15:52:24,442 - INFO - load_ADP_Employment_change - load_ADP_Employment_change.py - click_show_more:93 - ✓ New rows loaded
2026-01-09 15:52:24,454 - INFO - load_ADP_Employment_change - load_ADP_Employment_change.py - click_show_more:68 - Current row count: 288
2026-01-09 15:52:24,478 - INFO - load_ADP_Employment_change - load_ADP_Employment_change.py - click_show_more:86 - Clicked 'Show more' (click #48)
2026-01-09 15:52:25,000 - INFO - load_ADP_Employment_change - load_ADP_Employment_change.py - click_show_more:93 - ✓ New rows loaded
2026-01-09 15:52:25,007 - INFO - load_ADP_Employment_change - load_ADP_Employment_change.py - click_show_more:68 - Current row count: 294
2026-01-09 15:52:35,300 - INFO - load_ADP_Employment_change - load_ADP_Employment_change.py - click_show_more:99 - Stopped clicking 'Show more': TimeoutException
2026-01-09 15:52:35,310 - INFO - load_ADP_Employment_change - load_ADP_Employment_change.py - click_show_more:103 - Final row count: 294 (after 48 clicks)
2026-01-09 15:52:35,310 - INFO - load_ADP_Employment_change - load_ADP_Employment_change.py - main:289 - Parsing table data...
2026-01-09 15:52:35,392 - INFO - load_ADP_Employment_change - load_ADP_Employment_change.py - parse_table:121 - Parsed 294 rows from the table
2026-01-09 15:52:35,392 - INFO - load_ADP_Employment_change - load_ADP_Employment_change.py - main:292 - Saving 294 rows to CSV...
2026-01-09 15:52:35,392 - INFO - load_ADP_Employment_change - load_ADP_Employment_change.py - save_csv:132 - Saved raw CSV: /Users/dhruvkohli/Desktop/Github Repos/NFP_Predictor/data/Exogenous_data/ADP_data/ADP_Employment_Change_raw.csv
2026-01-09 15:52:35,392 - INFO - load_ADP_Employment_change - load_ADP_Employment_change.py - main:294 - ✓ Scraping completed successfully
2026-01-09 15:52:35,392 - INFO - load_ADP_Employment_change - load_ADP_Employment_change.py - main:312 - Closing Chrome driver...
2026-01-09 15:52:35,468 - INFO - load_ADP_Employment_change - load_ADP_Employment_change.py - main:316 - Formatting ADP data to long format...
2026-01-09 15:52:35,510 - INFO - load_ADP_Employment_change - load_ADP_Employment_change.py - format_adp_data:253 - Processed 507 ADP data points
2026-01-09 15:52:35,511 - INFO - load_ADP_Employment_change - load_ADP_Employment_change.py - format_adp_data:254 - Date range: 2001-05-01 to 2025-12-01
2026-01-09 15:52:35,511 - INFO - load_ADP_Employment_change - load_ADP_Employment_change.py - format_adp_data:255 - Series: ['ADP_actual', 'ADP_forecast']
2026-01-09 15:52:35,547 - INFO - load_ADP_Employment_change - load_ADP_Employment_change.py - format_adp_data:258 - Saved formatted parquet: /Users/dhruvkohli/Desktop/Github Repos/NFP_Predictor/data/Exogenous_data/ADP_data/ADP_Employment_Change.parquet
2026-01-09 15:52:35,547 - INFO - load_ADP_Employment_change - load_ADP_Employment_change.py - main:318 - ✓ ADP data pipeline complete!
