2026-01-08 13:46:18,199 - INFO - scrape_bls_schedule - scrape_bls_schedule.py - scrape_bls_year_schedule:76 - Scraping BLS schedule for 2026: https://www.bls.gov/schedule/2026/home.htm
2026-01-08 13:46:18,377 - ERROR - scrape_bls_schedule - scrape_bls_schedule.py - scrape_bls_year_schedule:150 - Failed to fetch BLS schedule for 2026: 403 Client Error: Forbidden for url: https://www.bls.gov/schedule/2026/home.htm
2026-01-08 13:46:18,388 - WARNING - scrape_bls_schedule - scrape_bls_schedule.py - fill_missing_with_first_friday:250 - Missing BLS date for November 2025, using first Friday fallback: 2025-12-05
2026-01-08 13:46:18,388 - WARNING - scrape_bls_schedule - scrape_bls_schedule.py - fill_missing_with_first_friday:250 - Missing BLS date for December 2025, using first Friday fallback: 2026-01-02
2026-01-08 13:46:18,388 - WARNING - scrape_bls_schedule - scrape_bls_schedule.py - fill_missing_with_first_friday:250 - Missing BLS date for January 2026, using first Friday fallback: 2026-02-06
2026-01-08 13:46:18,388 - WARNING - scrape_bls_schedule - scrape_bls_schedule.py - fill_missing_with_first_friday:250 - Missing BLS date for February 2026, using first Friday fallback: 2026-03-06
2026-01-08 13:46:37,660 - INFO - scrape_bls_schedule - scrape_bls_schedule.py - scrape_bls_year_schedule:76 - Scraping BLS schedule for 2026: https://www.bls.gov/schedule/2026/home.htm
2026-01-08 13:46:37,775 - ERROR - scrape_bls_schedule - scrape_bls_schedule.py - scrape_bls_year_schedule:161 - Failed to fetch BLS schedule for 2026: 403 Client Error: Forbidden for url: https://www.bls.gov/schedule/2026/home.htm
2026-01-08 13:46:37,777 - WARNING - scrape_bls_schedule - scrape_bls_schedule.py - fill_missing_with_first_friday:261 - Missing BLS date for November 2025, using first Friday fallback: 2025-12-05
2026-01-08 13:46:37,777 - WARNING - scrape_bls_schedule - scrape_bls_schedule.py - fill_missing_with_first_friday:261 - Missing BLS date for December 2025, using first Friday fallback: 2026-01-02
2026-01-08 13:46:37,777 - WARNING - scrape_bls_schedule - scrape_bls_schedule.py - fill_missing_with_first_friday:261 - Missing BLS date for January 2026, using first Friday fallback: 2026-02-06
2026-01-08 13:46:37,777 - WARNING - scrape_bls_schedule - scrape_bls_schedule.py - fill_missing_with_first_friday:261 - Missing BLS date for February 2026, using first Friday fallback: 2026-03-06
2026-01-08 13:47:21,124 - INFO - scrape_bls_schedule - scrape_bls_schedule.py - scrape_bls_year_schedule:76 - Scraping BLS schedule for 2025: https://www.bls.gov/schedule/2025/home.htm
2026-01-08 13:47:21,359 - WARNING - scrape_bls_schedule - scrape_bls_schedule.py - scrape_bls_year_schedule:147 - No Employment Situation releases found for 2025
2026-01-08 13:49:58,032 - INFO - scrape_bls_schedule - scrape_bls_schedule.py - scrape_bls_employment_situation_schedule:75 - Scraping BLS Employment Situation schedule: https://www.bls.gov/schedule/news_release/empsit.htm
2026-01-08 13:49:58,235 - WARNING - scrape_bls_schedule - scrape_bls_schedule.py - parse_bls_date:57 - Failed to parse date '2024': time data '2024' does not match format '%B %d, %Y'
2026-01-08 13:49:58,235 - WARNING - scrape_bls_schedule - scrape_bls_schedule.py - parse_bls_date:57 - Failed to parse date '2024': time data '2024' does not match format '%B %d, %Y'
2026-01-08 13:49:58,236 - WARNING - scrape_bls_schedule - scrape_bls_schedule.py - parse_bls_date:57 - Failed to parse date '2025': time data '2025' does not match format '%B %d, %Y'
2026-01-08 13:49:58,236 - WARNING - scrape_bls_schedule - scrape_bls_schedule.py - parse_bls_date:57 - Failed to parse date '2025': time data '2025' does not match format '%B %d, %Y'
2026-01-08 13:49:58,236 - WARNING - scrape_bls_schedule - scrape_bls_schedule.py - parse_bls_date:57 - Failed to parse date '2025': time data '2025' does not match format '%B %d, %Y'
2026-01-08 13:49:58,236 - WARNING - scrape_bls_schedule - scrape_bls_schedule.py - parse_bls_date:57 - Failed to parse date '2025': time data '2025' does not match format '%B %d, %Y'
2026-01-08 13:49:58,236 - WARNING - scrape_bls_schedule - scrape_bls_schedule.py - parse_bls_date:57 - Failed to parse date '2025': time data '2025' does not match format '%B %d, %Y'
2026-01-08 13:49:58,237 - WARNING - scrape_bls_schedule - scrape_bls_schedule.py - parse_bls_date:57 - Failed to parse date '2025': time data '2025' does not match format '%B %d, %Y'
2026-01-08 13:49:58,237 - WARNING - scrape_bls_schedule - scrape_bls_schedule.py - parse_bls_date:57 - Failed to parse date '2025': time data '2025' does not match format '%B %d, %Y'
2026-01-08 13:49:58,237 - WARNING - scrape_bls_schedule - scrape_bls_schedule.py - parse_bls_date:57 - Failed to parse date '2025': time data '2025' does not match format '%B %d, %Y'
2026-01-08 13:49:58,237 - WARNING - scrape_bls_schedule - scrape_bls_schedule.py - parse_bls_date:57 - Failed to parse date '2025': time data '2025' does not match format '%B %d, %Y'
2026-01-08 13:49:58,237 - WARNING - scrape_bls_schedule - scrape_bls_schedule.py - parse_bls_date:57 - Failed to parse date '2025': time data '2025' does not match format '%B %d, %Y'
2026-01-08 13:49:58,238 - WARNING - scrape_bls_schedule - scrape_bls_schedule.py - parse_bls_date:57 - Failed to parse date '2025': time data '2025' does not match format '%B %d, %Y'
2026-01-08 13:49:58,238 - WARNING - scrape_bls_schedule - scrape_bls_schedule.py - parse_bls_date:57 - Failed to parse date '2026': time data '2026' does not match format '%B %d, %Y'
2026-01-08 13:49:58,238 - WARNING - scrape_bls_schedule - scrape_bls_schedule.py - parse_bls_date:57 - Failed to parse date '2024': time data '2024' does not match format '%B %d, %Y'
2026-01-08 13:49:58,238 - WARNING - scrape_bls_schedule - scrape_bls_schedule.py - parse_bls_date:57 - Failed to parse date '2024': time data '2024' does not match format '%B %d, %Y'
2026-01-08 13:49:58,238 - WARNING - scrape_bls_schedule - scrape_bls_schedule.py - parse_bls_date:57 - Failed to parse date '2025': time data '2025' does not match format '%B %d, %Y'
2026-01-08 13:49:58,239 - WARNING - scrape_bls_schedule - scrape_bls_schedule.py - parse_bls_date:57 - Failed to parse date '2025': time data '2025' does not match format '%B %d, %Y'
2026-01-08 13:49:58,239 - WARNING - scrape_bls_schedule - scrape_bls_schedule.py - parse_bls_date:57 - Failed to parse date '2025': time data '2025' does not match format '%B %d, %Y'
2026-01-08 13:49:58,239 - WARNING - scrape_bls_schedule - scrape_bls_schedule.py - parse_bls_date:57 - Failed to parse date '2025': time data '2025' does not match format '%B %d, %Y'
2026-01-08 13:49:58,239 - WARNING - scrape_bls_schedule - scrape_bls_schedule.py - parse_bls_date:57 - Failed to parse date '2025': time data '2025' does not match format '%B %d, %Y'
2026-01-08 13:49:58,239 - WARNING - scrape_bls_schedule - scrape_bls_schedule.py - parse_bls_date:57 - Failed to parse date '2025': time data '2025' does not match format '%B %d, %Y'
2026-01-08 13:49:58,239 - WARNING - scrape_bls_schedule - scrape_bls_schedule.py - parse_bls_date:57 - Failed to parse date '2025': time data '2025' does not match format '%B %d, %Y'
2026-01-08 13:49:58,240 - WARNING - scrape_bls_schedule - scrape_bls_schedule.py - parse_bls_date:57 - Failed to parse date '2025': time data '2025' does not match format '%B %d, %Y'
2026-01-08 13:49:58,240 - WARNING - scrape_bls_schedule - scrape_bls_schedule.py - parse_bls_date:57 - Failed to parse date '2025': time data '2025' does not match format '%B %d, %Y'
2026-01-08 13:49:58,240 - WARNING - scrape_bls_schedule - scrape_bls_schedule.py - parse_bls_date:57 - Failed to parse date '2025': time data '2025' does not match format '%B %d, %Y'
2026-01-08 13:49:58,240 - WARNING - scrape_bls_schedule - scrape_bls_schedule.py - parse_bls_date:57 - Failed to parse date '2025': time data '2025' does not match format '%B %d, %Y'
2026-01-08 13:49:58,240 - WARNING - scrape_bls_schedule - scrape_bls_schedule.py - parse_bls_date:57 - Failed to parse date '2026': time data '2026' does not match format '%B %d, %Y'
2026-01-08 13:49:58,240 - WARNING - scrape_bls_schedule - scrape_bls_schedule.py - scrape_bls_employment_situation_schedule:138 - No Employment Situation releases found
2026-01-08 13:49:58,242 - INFO - scrape_bls_schedule - scrape_bls_schedule.py - scrape_bls_employment_situation_schedule:75 - Scraping BLS Employment Situation schedule: https://www.bls.gov/schedule/news_release/empsit.htm
2026-01-08 13:49:58,380 - WARNING - scrape_bls_schedule - scrape_bls_schedule.py - parse_bls_date:57 - Failed to parse date '2024': time data '2024' does not match format '%B %d, %Y'
2026-01-08 13:49:58,380 - WARNING - scrape_bls_schedule - scrape_bls_schedule.py - parse_bls_date:57 - Failed to parse date '2024': time data '2024' does not match format '%B %d, %Y'
2026-01-08 13:49:58,381 - WARNING - scrape_bls_schedule - scrape_bls_schedule.py - parse_bls_date:57 - Failed to parse date '2025': time data '2025' does not match format '%B %d, %Y'
2026-01-08 13:49:58,381 - WARNING - scrape_bls_schedule - scrape_bls_schedule.py - parse_bls_date:57 - Failed to parse date '2025': time data '2025' does not match format '%B %d, %Y'
2026-01-08 13:49:58,381 - WARNING - scrape_bls_schedule - scrape_bls_schedule.py - parse_bls_date:57 - Failed to parse date '2025': time data '2025' does not match format '%B %d, %Y'
2026-01-08 13:49:58,381 - WARNING - scrape_bls_schedule - scrape_bls_schedule.py - parse_bls_date:57 - Failed to parse date '2025': time data '2025' does not match format '%B %d, %Y'
2026-01-08 13:49:58,382 - WARNING - scrape_bls_schedule - scrape_bls_schedule.py - parse_bls_date:57 - Failed to parse date '2025': time data '2025' does not match format '%B %d, %Y'
2026-01-08 13:49:58,382 - WARNING - scrape_bls_schedule - scrape_bls_schedule.py - parse_bls_date:57 - Failed to parse date '2025': time data '2025' does not match format '%B %d, %Y'
2026-01-08 13:49:58,382 - WARNING - scrape_bls_schedule - scrape_bls_schedule.py - parse_bls_date:57 - Failed to parse date '2025': time data '2025' does not match format '%B %d, %Y'
2026-01-08 13:49:58,382 - WARNING - scrape_bls_schedule - scrape_bls_schedule.py - parse_bls_date:57 - Failed to parse date '2025': time data '2025' does not match format '%B %d, %Y'
2026-01-08 13:49:58,382 - WARNING - scrape_bls_schedule - scrape_bls_schedule.py - parse_bls_date:57 - Failed to parse date '2025': time data '2025' does not match format '%B %d, %Y'
2026-01-08 13:49:58,383 - WARNING - scrape_bls_schedule - scrape_bls_schedule.py - parse_bls_date:57 - Failed to parse date '2025': time data '2025' does not match format '%B %d, %Y'
2026-01-08 13:49:58,383 - WARNING - scrape_bls_schedule - scrape_bls_schedule.py - parse_bls_date:57 - Failed to parse date '2025': time data '2025' does not match format '%B %d, %Y'
2026-01-08 13:49:58,383 - WARNING - scrape_bls_schedule - scrape_bls_schedule.py - parse_bls_date:57 - Failed to parse date '2026': time data '2026' does not match format '%B %d, %Y'
2026-01-08 13:49:58,383 - WARNING - scrape_bls_schedule - scrape_bls_schedule.py - parse_bls_date:57 - Failed to parse date '2024': time data '2024' does not match format '%B %d, %Y'
2026-01-08 13:49:58,383 - WARNING - scrape_bls_schedule - scrape_bls_schedule.py - parse_bls_date:57 - Failed to parse date '2024': time data '2024' does not match format '%B %d, %Y'
2026-01-08 13:49:58,384 - WARNING - scrape_bls_schedule - scrape_bls_schedule.py - parse_bls_date:57 - Failed to parse date '2025': time data '2025' does not match format '%B %d, %Y'
2026-01-08 13:49:58,384 - WARNING - scrape_bls_schedule - scrape_bls_schedule.py - parse_bls_date:57 - Failed to parse date '2025': time data '2025' does not match format '%B %d, %Y'
2026-01-08 13:49:58,384 - WARNING - scrape_bls_schedule - scrape_bls_schedule.py - parse_bls_date:57 - Failed to parse date '2025': time data '2025' does not match format '%B %d, %Y'
2026-01-08 13:49:58,384 - WARNING - scrape_bls_schedule - scrape_bls_schedule.py - parse_bls_date:57 - Failed to parse date '2025': time data '2025' does not match format '%B %d, %Y'
2026-01-08 13:49:58,384 - WARNING - scrape_bls_schedule - scrape_bls_schedule.py - parse_bls_date:57 - Failed to parse date '2025': time data '2025' does not match format '%B %d, %Y'
2026-01-08 13:49:58,384 - WARNING - scrape_bls_schedule - scrape_bls_schedule.py - parse_bls_date:57 - Failed to parse date '2025': time data '2025' does not match format '%B %d, %Y'
2026-01-08 13:49:58,385 - WARNING - scrape_bls_schedule - scrape_bls_schedule.py - parse_bls_date:57 - Failed to parse date '2025': time data '2025' does not match format '%B %d, %Y'
2026-01-08 13:49:58,385 - WARNING - scrape_bls_schedule - scrape_bls_schedule.py - parse_bls_date:57 - Failed to parse date '2025': time data '2025' does not match format '%B %d, %Y'
2026-01-08 13:49:58,385 - WARNING - scrape_bls_schedule - scrape_bls_schedule.py - parse_bls_date:57 - Failed to parse date '2025': time data '2025' does not match format '%B %d, %Y'
2026-01-08 13:49:58,385 - WARNING - scrape_bls_schedule - scrape_bls_schedule.py - parse_bls_date:57 - Failed to parse date '2025': time data '2025' does not match format '%B %d, %Y'
2026-01-08 13:49:58,385 - WARNING - scrape_bls_schedule - scrape_bls_schedule.py - parse_bls_date:57 - Failed to parse date '2025': time data '2025' does not match format '%B %d, %Y'
2026-01-08 13:49:58,386 - WARNING - scrape_bls_schedule - scrape_bls_schedule.py - parse_bls_date:57 - Failed to parse date '2026': time data '2026' does not match format '%B %d, %Y'
2026-01-08 13:49:58,386 - WARNING - scrape_bls_schedule - scrape_bls_schedule.py - scrape_bls_employment_situation_schedule:138 - No Employment Situation releases found
2026-01-08 13:49:58,386 - WARNING - scrape_bls_schedule - scrape_bls_schedule.py - get_future_nfp_dates:175 - No BLS data scraped, returning empty DataFrame
2026-01-08 13:49:58,387 - WARNING - scrape_bls_schedule - scrape_bls_schedule.py - fill_missing_with_first_friday:235 - Missing BLS date for November 2025, using first Friday fallback: 2025-12-05
2026-01-08 13:49:58,387 - WARNING - scrape_bls_schedule - scrape_bls_schedule.py - fill_missing_with_first_friday:235 - Missing BLS date for December 2025, using first Friday fallback: 2026-01-02
2026-01-08 13:49:58,388 - WARNING - scrape_bls_schedule - scrape_bls_schedule.py - fill_missing_with_first_friday:235 - Missing BLS date for January 2026, using first Friday fallback: 2026-02-06
2026-01-08 13:49:58,388 - WARNING - scrape_bls_schedule - scrape_bls_schedule.py - fill_missing_with_first_friday:235 - Missing BLS date for February 2026, using first Friday fallback: 2026-03-06
2026-01-08 13:50:41,905 - INFO - scrape_bls_schedule - scrape_bls_schedule.py - scrape_bls_employment_situation_schedule:75 - Scraping BLS Employment Situation schedule: https://www.bls.gov/schedule/news_release/empsit.htm
2026-01-08 13:50:42,034 - WARNING - scrape_bls_schedule - scrape_bls_schedule.py - parse_bls_date:57 - Failed to parse date '2024': time data '2024' does not match format '%B %d, %Y'
2026-01-08 13:50:42,034 - WARNING - scrape_bls_schedule - scrape_bls_schedule.py - parse_bls_date:57 - Failed to parse date '2024': time data '2024' does not match format '%B %d, %Y'
2026-01-08 13:50:42,035 - WARNING - scrape_bls_schedule - scrape_bls_schedule.py - parse_bls_date:57 - Failed to parse date '2025': time data '2025' does not match format '%B %d, %Y'
2026-01-08 13:50:42,035 - WARNING - scrape_bls_schedule - scrape_bls_schedule.py - parse_bls_date:57 - Failed to parse date '2025': time data '2025' does not match format '%B %d, %Y'
2026-01-08 13:50:42,035 - WARNING - scrape_bls_schedule - scrape_bls_schedule.py - parse_bls_date:57 - Failed to parse date '2025': time data '2025' does not match format '%B %d, %Y'
2026-01-08 13:50:42,035 - WARNING - scrape_bls_schedule - scrape_bls_schedule.py - parse_bls_date:57 - Failed to parse date '2025': time data '2025' does not match format '%B %d, %Y'
2026-01-08 13:50:42,035 - WARNING - scrape_bls_schedule - scrape_bls_schedule.py - parse_bls_date:57 - Failed to parse date '2025': time data '2025' does not match format '%B %d, %Y'
2026-01-08 13:50:42,036 - WARNING - scrape_bls_schedule - scrape_bls_schedule.py - parse_bls_date:57 - Failed to parse date '2025': time data '2025' does not match format '%B %d, %Y'
2026-01-08 13:50:42,036 - WARNING - scrape_bls_schedule - scrape_bls_schedule.py - parse_bls_date:57 - Failed to parse date '2025': time data '2025' does not match format '%B %d, %Y'
2026-01-08 13:50:42,036 - WARNING - scrape_bls_schedule - scrape_bls_schedule.py - parse_bls_date:57 - Failed to parse date '2025': time data '2025' does not match format '%B %d, %Y'
2026-01-08 13:50:42,036 - WARNING - scrape_bls_schedule - scrape_bls_schedule.py - parse_bls_date:57 - Failed to parse date '2025': time data '2025' does not match format '%B %d, %Y'
2026-01-08 13:50:42,036 - WARNING - scrape_bls_schedule - scrape_bls_schedule.py - parse_bls_date:57 - Failed to parse date '2025': time data '2025' does not match format '%B %d, %Y'
2026-01-08 13:50:42,037 - WARNING - scrape_bls_schedule - scrape_bls_schedule.py - parse_bls_date:57 - Failed to parse date '2025': time data '2025' does not match format '%B %d, %Y'
2026-01-08 13:50:42,037 - WARNING - scrape_bls_schedule - scrape_bls_schedule.py - parse_bls_date:57 - Failed to parse date '2026': time data '2026' does not match format '%B %d, %Y'
2026-01-08 13:50:42,037 - WARNING - scrape_bls_schedule - scrape_bls_schedule.py - parse_bls_date:57 - Failed to parse date '2024': time data '2024' does not match format '%B %d, %Y'
2026-01-08 13:50:42,037 - WARNING - scrape_bls_schedule - scrape_bls_schedule.py - parse_bls_date:57 - Failed to parse date '2024': time data '2024' does not match format '%B %d, %Y'
2026-01-08 13:50:42,037 - WARNING - scrape_bls_schedule - scrape_bls_schedule.py - parse_bls_date:57 - Failed to parse date '2025': time data '2025' does not match format '%B %d, %Y'
2026-01-08 13:50:42,037 - WARNING - scrape_bls_schedule - scrape_bls_schedule.py - parse_bls_date:57 - Failed to parse date '2025': time data '2025' does not match format '%B %d, %Y'
2026-01-08 13:50:42,038 - WARNING - scrape_bls_schedule - scrape_bls_schedule.py - parse_bls_date:57 - Failed to parse date '2025': time data '2025' does not match format '%B %d, %Y'
2026-01-08 13:50:42,038 - WARNING - scrape_bls_schedule - scrape_bls_schedule.py - parse_bls_date:57 - Failed to parse date '2025': time data '2025' does not match format '%B %d, %Y'
2026-01-08 13:50:42,038 - WARNING - scrape_bls_schedule - scrape_bls_schedule.py - parse_bls_date:57 - Failed to parse date '2025': time data '2025' does not match format '%B %d, %Y'
2026-01-08 13:50:42,038 - WARNING - scrape_bls_schedule - scrape_bls_schedule.py - parse_bls_date:57 - Failed to parse date '2025': time data '2025' does not match format '%B %d, %Y'
2026-01-08 13:50:42,038 - WARNING - scrape_bls_schedule - scrape_bls_schedule.py - parse_bls_date:57 - Failed to parse date '2025': time data '2025' does not match format '%B %d, %Y'
2026-01-08 13:50:42,038 - WARNING - scrape_bls_schedule - scrape_bls_schedule.py - parse_bls_date:57 - Failed to parse date '2025': time data '2025' does not match format '%B %d, %Y'
2026-01-08 13:50:42,039 - WARNING - scrape_bls_schedule - scrape_bls_schedule.py - parse_bls_date:57 - Failed to parse date '2025': time data '2025' does not match format '%B %d, %Y'
2026-01-08 13:50:42,039 - WARNING - scrape_bls_schedule - scrape_bls_schedule.py - parse_bls_date:57 - Failed to parse date '2025': time data '2025' does not match format '%B %d, %Y'
2026-01-08 13:50:42,039 - WARNING - scrape_bls_schedule - scrape_bls_schedule.py - parse_bls_date:57 - Failed to parse date '2025': time data '2025' does not match format '%B %d, %Y'
2026-01-08 13:50:42,039 - WARNING - scrape_bls_schedule - scrape_bls_schedule.py - parse_bls_date:57 - Failed to parse date '2026': time data '2026' does not match format '%B %d, %Y'
2026-01-08 13:50:42,039 - WARNING - scrape_bls_schedule - scrape_bls_schedule.py - scrape_bls_employment_situation_schedule:139 - No Employment Situation releases found
2026-01-08 13:50:42,040 - INFO - scrape_bls_schedule - scrape_bls_schedule.py - scrape_bls_employment_situation_schedule:75 - Scraping BLS Employment Situation schedule: https://www.bls.gov/schedule/news_release/empsit.htm
2026-01-08 13:50:42,218 - WARNING - scrape_bls_schedule - scrape_bls_schedule.py - parse_bls_date:57 - Failed to parse date '2024': time data '2024' does not match format '%B %d, %Y'
2026-01-08 13:50:42,218 - WARNING - scrape_bls_schedule - scrape_bls_schedule.py - parse_bls_date:57 - Failed to parse date '2024': time data '2024' does not match format '%B %d, %Y'
2026-01-08 13:50:42,218 - WARNING - scrape_bls_schedule - scrape_bls_schedule.py - parse_bls_date:57 - Failed to parse date '2025': time data '2025' does not match format '%B %d, %Y'
2026-01-08 13:50:42,219 - WARNING - scrape_bls_schedule - scrape_bls_schedule.py - parse_bls_date:57 - Failed to parse date '2025': time data '2025' does not match format '%B %d, %Y'
2026-01-08 13:50:42,219 - WARNING - scrape_bls_schedule - scrape_bls_schedule.py - parse_bls_date:57 - Failed to parse date '2025': time data '2025' does not match format '%B %d, %Y'
2026-01-08 13:50:42,219 - WARNING - scrape_bls_schedule - scrape_bls_schedule.py - parse_bls_date:57 - Failed to parse date '2025': time data '2025' does not match format '%B %d, %Y'
2026-01-08 13:50:42,219 - WARNING - scrape_bls_schedule - scrape_bls_schedule.py - parse_bls_date:57 - Failed to parse date '2025': time data '2025' does not match format '%B %d, %Y'
2026-01-08 13:50:42,220 - WARNING - scrape_bls_schedule - scrape_bls_schedule.py - parse_bls_date:57 - Failed to parse date '2025': time data '2025' does not match format '%B %d, %Y'
2026-01-08 13:50:42,220 - WARNING - scrape_bls_schedule - scrape_bls_schedule.py - parse_bls_date:57 - Failed to parse date '2025': time data '2025' does not match format '%B %d, %Y'
2026-01-08 13:50:42,220 - WARNING - scrape_bls_schedule - scrape_bls_schedule.py - parse_bls_date:57 - Failed to parse date '2025': time data '2025' does not match format '%B %d, %Y'
2026-01-08 13:50:42,220 - WARNING - scrape_bls_schedule - scrape_bls_schedule.py - parse_bls_date:57 - Failed to parse date '2025': time data '2025' does not match format '%B %d, %Y'
2026-01-08 13:50:42,221 - WARNING - scrape_bls_schedule - scrape_bls_schedule.py - parse_bls_date:57 - Failed to parse date '2025': time data '2025' does not match format '%B %d, %Y'
2026-01-08 13:50:42,221 - WARNING - scrape_bls_schedule - scrape_bls_schedule.py - parse_bls_date:57 - Failed to parse date '2025': time data '2025' does not match format '%B %d, %Y'
2026-01-08 13:50:42,221 - WARNING - scrape_bls_schedule - scrape_bls_schedule.py - parse_bls_date:57 - Failed to parse date '2026': time data '2026' does not match format '%B %d, %Y'
2026-01-08 13:50:42,221 - WARNING - scrape_bls_schedule - scrape_bls_schedule.py - parse_bls_date:57 - Failed to parse date '2024': time data '2024' does not match format '%B %d, %Y'
2026-01-08 13:50:42,222 - WARNING - scrape_bls_schedule - scrape_bls_schedule.py - parse_bls_date:57 - Failed to parse date '2024': time data '2024' does not match format '%B %d, %Y'
2026-01-08 13:50:42,222 - WARNING - scrape_bls_schedule - scrape_bls_schedule.py - parse_bls_date:57 - Failed to parse date '2025': time data '2025' does not match format '%B %d, %Y'
2026-01-08 13:50:42,222 - WARNING - scrape_bls_schedule - scrape_bls_schedule.py - parse_bls_date:57 - Failed to parse date '2025': time data '2025' does not match format '%B %d, %Y'
2026-01-08 13:50:42,222 - WARNING - scrape_bls_schedule - scrape_bls_schedule.py - parse_bls_date:57 - Failed to parse date '2025': time data '2025' does not match format '%B %d, %Y'
2026-01-08 13:50:42,222 - WARNING - scrape_bls_schedule - scrape_bls_schedule.py - parse_bls_date:57 - Failed to parse date '2025': time data '2025' does not match format '%B %d, %Y'
2026-01-08 13:50:42,223 - WARNING - scrape_bls_schedule - scrape_bls_schedule.py - parse_bls_date:57 - Failed to parse date '2025': time data '2025' does not match format '%B %d, %Y'
2026-01-08 13:50:42,223 - WARNING - scrape_bls_schedule - scrape_bls_schedule.py - parse_bls_date:57 - Failed to parse date '2025': time data '2025' does not match format '%B %d, %Y'
2026-01-08 13:50:42,223 - WARNING - scrape_bls_schedule - scrape_bls_schedule.py - parse_bls_date:57 - Failed to parse date '2025': time data '2025' does not match format '%B %d, %Y'
2026-01-08 13:50:42,223 - WARNING - scrape_bls_schedule - scrape_bls_schedule.py - parse_bls_date:57 - Failed to parse date '2025': time data '2025' does not match format '%B %d, %Y'
2026-01-08 13:50:42,224 - WARNING - scrape_bls_schedule - scrape_bls_schedule.py - parse_bls_date:57 - Failed to parse date '2025': time data '2025' does not match format '%B %d, %Y'
2026-01-08 13:50:42,224 - WARNING - scrape_bls_schedule - scrape_bls_schedule.py - parse_bls_date:57 - Failed to parse date '2025': time data '2025' does not match format '%B %d, %Y'
2026-01-08 13:50:42,224 - WARNING - scrape_bls_schedule - scrape_bls_schedule.py - parse_bls_date:57 - Failed to parse date '2025': time data '2025' does not match format '%B %d, %Y'
2026-01-08 13:50:42,224 - WARNING - scrape_bls_schedule - scrape_bls_schedule.py - parse_bls_date:57 - Failed to parse date '2026': time data '2026' does not match format '%B %d, %Y'
2026-01-08 13:50:42,224 - WARNING - scrape_bls_schedule - scrape_bls_schedule.py - scrape_bls_employment_situation_schedule:139 - No Employment Situation releases found
2026-01-08 13:50:42,225 - WARNING - scrape_bls_schedule - scrape_bls_schedule.py - get_future_nfp_dates:176 - No BLS data scraped, returning empty DataFrame
2026-01-08 13:50:42,226 - WARNING - scrape_bls_schedule - scrape_bls_schedule.py - fill_missing_with_first_friday:236 - Missing BLS date for November 2025, using first Friday fallback: 2025-12-05
2026-01-08 13:50:42,226 - WARNING - scrape_bls_schedule - scrape_bls_schedule.py - fill_missing_with_first_friday:236 - Missing BLS date for December 2025, using first Friday fallback: 2026-01-02
2026-01-08 13:50:42,226 - WARNING - scrape_bls_schedule - scrape_bls_schedule.py - fill_missing_with_first_friday:236 - Missing BLS date for January 2026, using first Friday fallback: 2026-02-06
2026-01-08 13:50:42,226 - WARNING - scrape_bls_schedule - scrape_bls_schedule.py - fill_missing_with_first_friday:236 - Missing BLS date for February 2026, using first Friday fallback: 2026-03-06
2026-01-08 13:51:41,136 - INFO - scrape_bls_schedule - scrape_bls_schedule.py - scrape_bls_employment_situation_schedule:95 - Scraping BLS Employment Situation schedule: https://www.bls.gov/schedule/news_release/empsit.htm
2026-01-08 13:51:41,283 - INFO - scrape_bls_schedule - scrape_bls_schedule.py - scrape_bls_employment_situation_schedule:152 - Found: October 2024 -> 2024-11-01
2026-01-08 13:51:41,284 - INFO - scrape_bls_schedule - scrape_bls_schedule.py - scrape_bls_employment_situation_schedule:152 - Found: November 2024 -> 2024-12-06
2026-01-08 13:51:41,284 - INFO - scrape_bls_schedule - scrape_bls_schedule.py - scrape_bls_employment_situation_schedule:152 - Found: December 2024 -> 2025-01-10
2026-01-08 13:51:41,284 - INFO - scrape_bls_schedule - scrape_bls_schedule.py - scrape_bls_employment_situation_schedule:152 - Found: January 2025 -> 2025-02-07
2026-01-08 13:51:41,284 - INFO - scrape_bls_schedule - scrape_bls_schedule.py - scrape_bls_employment_situation_schedule:152 - Found: February 2025 -> 2025-03-07
2026-01-08 13:51:41,285 - INFO - scrape_bls_schedule - scrape_bls_schedule.py - scrape_bls_employment_situation_schedule:152 - Found: March 2025 -> 2025-04-04
2026-01-08 13:51:41,285 - INFO - scrape_bls_schedule - scrape_bls_schedule.py - scrape_bls_employment_situation_schedule:152 - Found: April 2025 -> 2025-05-02
2026-01-08 13:51:41,285 - INFO - scrape_bls_schedule - scrape_bls_schedule.py - scrape_bls_employment_situation_schedule:152 - Found: May 2025 -> 2025-06-06
2026-01-08 13:51:41,285 - INFO - scrape_bls_schedule - scrape_bls_schedule.py - scrape_bls_employment_situation_schedule:152 - Found: June 2025 -> 2025-07-03
2026-01-08 13:51:41,286 - INFO - scrape_bls_schedule - scrape_bls_schedule.py - scrape_bls_employment_situation_schedule:152 - Found: July 2025 -> 2025-08-01
2026-01-08 13:51:41,286 - INFO - scrape_bls_schedule - scrape_bls_schedule.py - scrape_bls_employment_situation_schedule:152 - Found: August 2025 -> 2025-09-05
2026-01-08 13:51:41,286 - INFO - scrape_bls_schedule - scrape_bls_schedule.py - scrape_bls_employment_situation_schedule:152 - Found: September 2025 -> 2025-11-20
2026-01-08 13:51:41,286 - INFO - scrape_bls_schedule - scrape_bls_schedule.py - scrape_bls_employment_situation_schedule:152 - Found: November 2025 -> 2025-12-16
2026-01-08 13:51:41,287 - INFO - scrape_bls_schedule - scrape_bls_schedule.py - scrape_bls_employment_situation_schedule:152 - Found: December 2025 -> 2026-01-09
2026-01-08 13:51:41,287 - INFO - scrape_bls_schedule - scrape_bls_schedule.py - scrape_bls_employment_situation_schedule:152 - Found: October 2024 -> 2024-11-01
2026-01-08 13:51:41,287 - INFO - scrape_bls_schedule - scrape_bls_schedule.py - scrape_bls_employment_situation_schedule:152 - Found: November 2024 -> 2024-12-06
2026-01-08 13:51:41,287 - INFO - scrape_bls_schedule - scrape_bls_schedule.py - scrape_bls_employment_situation_schedule:152 - Found: December 2024 -> 2025-01-10
2026-01-08 13:51:41,287 - INFO - scrape_bls_schedule - scrape_bls_schedule.py - scrape_bls_employment_situation_schedule:152 - Found: January 2025 -> 2025-02-07
2026-01-08 13:51:41,288 - INFO - scrape_bls_schedule - scrape_bls_schedule.py - scrape_bls_employment_situation_schedule:152 - Found: February 2025 -> 2025-03-07
2026-01-08 13:51:41,288 - INFO - scrape_bls_schedule - scrape_bls_schedule.py - scrape_bls_employment_situation_schedule:152 - Found: March 2025 -> 2025-04-04
2026-01-08 13:51:41,288 - INFO - scrape_bls_schedule - scrape_bls_schedule.py - scrape_bls_employment_situation_schedule:152 - Found: April 2025 -> 2025-05-02
2026-01-08 13:51:41,288 - INFO - scrape_bls_schedule - scrape_bls_schedule.py - scrape_bls_employment_situation_schedule:152 - Found: May 2025 -> 2025-06-06
2026-01-08 13:51:41,288 - INFO - scrape_bls_schedule - scrape_bls_schedule.py - scrape_bls_employment_situation_schedule:152 - Found: June 2025 -> 2025-07-03
2026-01-08 13:51:41,289 - INFO - scrape_bls_schedule - scrape_bls_schedule.py - scrape_bls_employment_situation_schedule:152 - Found: July 2025 -> 2025-08-01
2026-01-08 13:51:41,289 - INFO - scrape_bls_schedule - scrape_bls_schedule.py - scrape_bls_employment_situation_schedule:152 - Found: August 2025 -> 2025-09-05
2026-01-08 13:51:41,289 - INFO - scrape_bls_schedule - scrape_bls_schedule.py - scrape_bls_employment_situation_schedule:152 - Found: September 2025 -> 2025-11-20
2026-01-08 13:51:41,289 - INFO - scrape_bls_schedule - scrape_bls_schedule.py - scrape_bls_employment_situation_schedule:152 - Found: November 2025 -> 2025-12-16
2026-01-08 13:51:41,289 - INFO - scrape_bls_schedule - scrape_bls_schedule.py - scrape_bls_employment_situation_schedule:152 - Found: December 2025 -> 2026-01-09
2026-01-08 13:51:41,293 - INFO - scrape_bls_schedule - scrape_bls_schedule.py - scrape_bls_employment_situation_schedule:167 - Successfully scraped 14 NFP release dates
2026-01-08 13:51:41,294 - INFO - scrape_bls_schedule - scrape_bls_schedule.py - scrape_bls_employment_situation_schedule:95 - Scraping BLS Employment Situation schedule: https://www.bls.gov/schedule/news_release/empsit.htm
2026-01-08 13:51:41,403 - INFO - scrape_bls_schedule - scrape_bls_schedule.py - scrape_bls_employment_situation_schedule:152 - Found: October 2024 -> 2024-11-01
2026-01-08 13:51:41,403 - INFO - scrape_bls_schedule - scrape_bls_schedule.py - scrape_bls_employment_situation_schedule:152 - Found: November 2024 -> 2024-12-06
2026-01-08 13:51:41,403 - INFO - scrape_bls_schedule - scrape_bls_schedule.py - scrape_bls_employment_situation_schedule:152 - Found: December 2024 -> 2025-01-10
2026-01-08 13:51:41,403 - INFO - scrape_bls_schedule - scrape_bls_schedule.py - scrape_bls_employment_situation_schedule:152 - Found: January 2025 -> 2025-02-07
2026-01-08 13:51:41,404 - INFO - scrape_bls_schedule - scrape_bls_schedule.py - scrape_bls_employment_situation_schedule:152 - Found: February 2025 -> 2025-03-07
2026-01-08 13:51:41,404 - INFO - scrape_bls_schedule - scrape_bls_schedule.py - scrape_bls_employment_situation_schedule:152 - Found: March 2025 -> 2025-04-04
2026-01-08 13:51:41,404 - INFO - scrape_bls_schedule - scrape_bls_schedule.py - scrape_bls_employment_situation_schedule:152 - Found: April 2025 -> 2025-05-02
2026-01-08 13:51:41,404 - INFO - scrape_bls_schedule - scrape_bls_schedule.py - scrape_bls_employment_situation_schedule:152 - Found: May 2025 -> 2025-06-06
2026-01-08 13:51:41,405 - INFO - scrape_bls_schedule - scrape_bls_schedule.py - scrape_bls_employment_situation_schedule:152 - Found: June 2025 -> 2025-07-03
2026-01-08 13:51:41,405 - INFO - scrape_bls_schedule - scrape_bls_schedule.py - scrape_bls_employment_situation_schedule:152 - Found: July 2025 -> 2025-08-01
2026-01-08 13:51:41,405 - INFO - scrape_bls_schedule - scrape_bls_schedule.py - scrape_bls_employment_situation_schedule:152 - Found: August 2025 -> 2025-09-05
2026-01-08 13:51:41,405 - INFO - scrape_bls_schedule - scrape_bls_schedule.py - scrape_bls_employment_situation_schedule:152 - Found: September 2025 -> 2025-11-20
2026-01-08 13:51:41,405 - INFO - scrape_bls_schedule - scrape_bls_schedule.py - scrape_bls_employment_situation_schedule:152 - Found: November 2025 -> 2025-12-16
2026-01-08 13:51:41,406 - INFO - scrape_bls_schedule - scrape_bls_schedule.py - scrape_bls_employment_situation_schedule:152 - Found: December 2025 -> 2026-01-09
2026-01-08 13:51:41,406 - INFO - scrape_bls_schedule - scrape_bls_schedule.py - scrape_bls_employment_situation_schedule:152 - Found: October 2024 -> 2024-11-01
2026-01-08 13:51:41,406 - INFO - scrape_bls_schedule - scrape_bls_schedule.py - scrape_bls_employment_situation_schedule:152 - Found: November 2024 -> 2024-12-06
2026-01-08 13:51:41,406 - INFO - scrape_bls_schedule - scrape_bls_schedule.py - scrape_bls_employment_situation_schedule:152 - Found: December 2024 -> 2025-01-10
2026-01-08 13:51:41,407 - INFO - scrape_bls_schedule - scrape_bls_schedule.py - scrape_bls_employment_situation_schedule:152 - Found: January 2025 -> 2025-02-07
2026-01-08 13:51:41,407 - INFO - scrape_bls_schedule - scrape_bls_schedule.py - scrape_bls_employment_situation_schedule:152 - Found: February 2025 -> 2025-03-07
2026-01-08 13:51:41,407 - INFO - scrape_bls_schedule - scrape_bls_schedule.py - scrape_bls_employment_situation_schedule:152 - Found: March 2025 -> 2025-04-04
2026-01-08 13:51:41,407 - INFO - scrape_bls_schedule - scrape_bls_schedule.py - scrape_bls_employment_situation_schedule:152 - Found: April 2025 -> 2025-05-02
2026-01-08 13:51:41,407 - INFO - scrape_bls_schedule - scrape_bls_schedule.py - scrape_bls_employment_situation_schedule:152 - Found: May 2025 -> 2025-06-06
2026-01-08 13:51:41,408 - INFO - scrape_bls_schedule - scrape_bls_schedule.py - scrape_bls_employment_situation_schedule:152 - Found: June 2025 -> 2025-07-03
2026-01-08 13:51:41,408 - INFO - scrape_bls_schedule - scrape_bls_schedule.py - scrape_bls_employment_situation_schedule:152 - Found: July 2025 -> 2025-08-01
2026-01-08 13:51:41,408 - INFO - scrape_bls_schedule - scrape_bls_schedule.py - scrape_bls_employment_situation_schedule:152 - Found: August 2025 -> 2025-09-05
2026-01-08 13:51:41,408 - INFO - scrape_bls_schedule - scrape_bls_schedule.py - scrape_bls_employment_situation_schedule:152 - Found: September 2025 -> 2025-11-20
2026-01-08 13:51:41,408 - INFO - scrape_bls_schedule - scrape_bls_schedule.py - scrape_bls_employment_situation_schedule:152 - Found: November 2025 -> 2025-12-16
2026-01-08 13:51:41,409 - INFO - scrape_bls_schedule - scrape_bls_schedule.py - scrape_bls_employment_situation_schedule:152 - Found: December 2025 -> 2026-01-09
2026-01-08 13:51:41,409 - INFO - scrape_bls_schedule - scrape_bls_schedule.py - scrape_bls_employment_situation_schedule:167 - Successfully scraped 14 NFP release dates
2026-01-08 13:51:41,412 - WARNING - scrape_bls_schedule - scrape_bls_schedule.py - fill_missing_with_first_friday:256 - Missing BLS date for January 2026, using first Friday fallback: 2026-02-06
2026-01-08 13:51:41,412 - WARNING - scrape_bls_schedule - scrape_bls_schedule.py - fill_missing_with_first_friday:256 - Missing BLS date for February 2026, using first Friday fallback: 2026-03-06
2026-01-08 14:06:14,413 - INFO - scrape_bls_schedule - scrape_bls_schedule.py - scrape_bls_employment_situation_schedule:95 - Scraping BLS Employment Situation schedule: https://www.bls.gov/schedule/news_release/empsit.htm
2026-01-08 14:06:14,636 - INFO - scrape_bls_schedule - scrape_bls_schedule.py - scrape_bls_employment_situation_schedule:152 - Found: October 2024 -> 2024-11-01
2026-01-08 14:06:14,636 - INFO - scrape_bls_schedule - scrape_bls_schedule.py - scrape_bls_employment_situation_schedule:152 - Found: November 2024 -> 2024-12-06
2026-01-08 14:06:14,637 - INFO - scrape_bls_schedule - scrape_bls_schedule.py - scrape_bls_employment_situation_schedule:152 - Found: December 2024 -> 2025-01-10
2026-01-08 14:06:14,637 - INFO - scrape_bls_schedule - scrape_bls_schedule.py - scrape_bls_employment_situation_schedule:152 - Found: January 2025 -> 2025-02-07
2026-01-08 14:06:14,637 - INFO - scrape_bls_schedule - scrape_bls_schedule.py - scrape_bls_employment_situation_schedule:152 - Found: February 2025 -> 2025-03-07
2026-01-08 14:06:14,637 - INFO - scrape_bls_schedule - scrape_bls_schedule.py - scrape_bls_employment_situation_schedule:152 - Found: March 2025 -> 2025-04-04
2026-01-08 14:06:14,638 - INFO - scrape_bls_schedule - scrape_bls_schedule.py - scrape_bls_employment_situation_schedule:152 - Found: April 2025 -> 2025-05-02
2026-01-08 14:06:14,638 - INFO - scrape_bls_schedule - scrape_bls_schedule.py - scrape_bls_employment_situation_schedule:152 - Found: May 2025 -> 2025-06-06
2026-01-08 14:06:14,638 - INFO - scrape_bls_schedule - scrape_bls_schedule.py - scrape_bls_employment_situation_schedule:152 - Found: June 2025 -> 2025-07-03
2026-01-08 14:06:14,639 - INFO - scrape_bls_schedule - scrape_bls_schedule.py - scrape_bls_employment_situation_schedule:152 - Found: July 2025 -> 2025-08-01
2026-01-08 14:06:14,639 - INFO - scrape_bls_schedule - scrape_bls_schedule.py - scrape_bls_employment_situation_schedule:152 - Found: August 2025 -> 2025-09-05
2026-01-08 14:06:14,639 - INFO - scrape_bls_schedule - scrape_bls_schedule.py - scrape_bls_employment_situation_schedule:152 - Found: September 2025 -> 2025-11-20
2026-01-08 14:06:14,639 - INFO - scrape_bls_schedule - scrape_bls_schedule.py - scrape_bls_employment_situation_schedule:152 - Found: November 2025 -> 2025-12-16
2026-01-08 14:06:14,639 - INFO - scrape_bls_schedule - scrape_bls_schedule.py - scrape_bls_employment_situation_schedule:152 - Found: December 2025 -> 2026-01-09
2026-01-08 14:06:14,640 - INFO - scrape_bls_schedule - scrape_bls_schedule.py - scrape_bls_employment_situation_schedule:152 - Found: October 2024 -> 2024-11-01
2026-01-08 14:06:14,640 - INFO - scrape_bls_schedule - scrape_bls_schedule.py - scrape_bls_employment_situation_schedule:152 - Found: November 2024 -> 2024-12-06
2026-01-08 14:06:14,640 - INFO - scrape_bls_schedule - scrape_bls_schedule.py - scrape_bls_employment_situation_schedule:152 - Found: December 2024 -> 2025-01-10
2026-01-08 14:06:14,640 - INFO - scrape_bls_schedule - scrape_bls_schedule.py - scrape_bls_employment_situation_schedule:152 - Found: January 2025 -> 2025-02-07
2026-01-08 14:06:14,641 - INFO - scrape_bls_schedule - scrape_bls_schedule.py - scrape_bls_employment_situation_schedule:152 - Found: February 2025 -> 2025-03-07
2026-01-08 14:06:14,641 - INFO - scrape_bls_schedule - scrape_bls_schedule.py - scrape_bls_employment_situation_schedule:152 - Found: March 2025 -> 2025-04-04
2026-01-08 14:06:14,641 - INFO - scrape_bls_schedule - scrape_bls_schedule.py - scrape_bls_employment_situation_schedule:152 - Found: April 2025 -> 2025-05-02
2026-01-08 14:06:14,641 - INFO - scrape_bls_schedule - scrape_bls_schedule.py - scrape_bls_employment_situation_schedule:152 - Found: May 2025 -> 2025-06-06
2026-01-08 14:06:14,641 - INFO - scrape_bls_schedule - scrape_bls_schedule.py - scrape_bls_employment_situation_schedule:152 - Found: June 2025 -> 2025-07-03
2026-01-08 14:06:14,642 - INFO - scrape_bls_schedule - scrape_bls_schedule.py - scrape_bls_employment_situation_schedule:152 - Found: July 2025 -> 2025-08-01
2026-01-08 14:06:14,642 - INFO - scrape_bls_schedule - scrape_bls_schedule.py - scrape_bls_employment_situation_schedule:152 - Found: August 2025 -> 2025-09-05
2026-01-08 14:06:14,642 - INFO - scrape_bls_schedule - scrape_bls_schedule.py - scrape_bls_employment_situation_schedule:152 - Found: September 2025 -> 2025-11-20
2026-01-08 14:06:14,642 - INFO - scrape_bls_schedule - scrape_bls_schedule.py - scrape_bls_employment_situation_schedule:152 - Found: November 2025 -> 2025-12-16
2026-01-08 14:06:14,643 - INFO - scrape_bls_schedule - scrape_bls_schedule.py - scrape_bls_employment_situation_schedule:152 - Found: December 2025 -> 2026-01-09
2026-01-08 14:06:14,643 - INFO - scrape_bls_schedule - scrape_bls_schedule.py - scrape_bls_employment_situation_schedule:167 - Successfully scraped 14 NFP release dates
2026-01-08 14:06:14,658 - INFO - scrape_bls_schedule - scrape_bls_schedule.py - scrape_bls_employment_situation_schedule:95 - Scraping BLS Employment Situation schedule: https://www.bls.gov/schedule/news_release/empsit.htm
2026-01-08 14:06:14,801 - INFO - scrape_bls_schedule - scrape_bls_schedule.py - scrape_bls_employment_situation_schedule:152 - Found: October 2024 -> 2024-11-01
2026-01-08 14:06:14,801 - INFO - scrape_bls_schedule - scrape_bls_schedule.py - scrape_bls_employment_situation_schedule:152 - Found: November 2024 -> 2024-12-06
2026-01-08 14:06:14,802 - INFO - scrape_bls_schedule - scrape_bls_schedule.py - scrape_bls_employment_situation_schedule:152 - Found: December 2024 -> 2025-01-10
2026-01-08 14:06:14,802 - INFO - scrape_bls_schedule - scrape_bls_schedule.py - scrape_bls_employment_situation_schedule:152 - Found: January 2025 -> 2025-02-07
2026-01-08 14:06:14,802 - INFO - scrape_bls_schedule - scrape_bls_schedule.py - scrape_bls_employment_situation_schedule:152 - Found: February 2025 -> 2025-03-07
2026-01-08 14:06:14,802 - INFO - scrape_bls_schedule - scrape_bls_schedule.py - scrape_bls_employment_situation_schedule:152 - Found: March 2025 -> 2025-04-04
2026-01-08 14:06:14,803 - INFO - scrape_bls_schedule - scrape_bls_schedule.py - scrape_bls_employment_situation_schedule:152 - Found: April 2025 -> 2025-05-02
2026-01-08 14:06:14,803 - INFO - scrape_bls_schedule - scrape_bls_schedule.py - scrape_bls_employment_situation_schedule:152 - Found: May 2025 -> 2025-06-06
2026-01-08 14:06:14,803 - INFO - scrape_bls_schedule - scrape_bls_schedule.py - scrape_bls_employment_situation_schedule:152 - Found: June 2025 -> 2025-07-03
2026-01-08 14:06:14,803 - INFO - scrape_bls_schedule - scrape_bls_schedule.py - scrape_bls_employment_situation_schedule:152 - Found: July 2025 -> 2025-08-01
2026-01-08 14:06:14,804 - INFO - scrape_bls_schedule - scrape_bls_schedule.py - scrape_bls_employment_situation_schedule:152 - Found: August 2025 -> 2025-09-05
2026-01-08 14:06:14,804 - INFO - scrape_bls_schedule - scrape_bls_schedule.py - scrape_bls_employment_situation_schedule:152 - Found: September 2025 -> 2025-11-20
2026-01-08 14:06:14,804 - INFO - scrape_bls_schedule - scrape_bls_schedule.py - scrape_bls_employment_situation_schedule:152 - Found: November 2025 -> 2025-12-16
2026-01-08 14:06:14,804 - INFO - scrape_bls_schedule - scrape_bls_schedule.py - scrape_bls_employment_situation_schedule:152 - Found: December 2025 -> 2026-01-09
2026-01-08 14:06:14,804 - INFO - scrape_bls_schedule - scrape_bls_schedule.py - scrape_bls_employment_situation_schedule:152 - Found: October 2024 -> 2024-11-01
2026-01-08 14:06:14,805 - INFO - scrape_bls_schedule - scrape_bls_schedule.py - scrape_bls_employment_situation_schedule:152 - Found: November 2024 -> 2024-12-06
2026-01-08 14:06:14,805 - INFO - scrape_bls_schedule - scrape_bls_schedule.py - scrape_bls_employment_situation_schedule:152 - Found: December 2024 -> 2025-01-10
2026-01-08 14:06:14,805 - INFO - scrape_bls_schedule - scrape_bls_schedule.py - scrape_bls_employment_situation_schedule:152 - Found: January 2025 -> 2025-02-07
2026-01-08 14:06:14,805 - INFO - scrape_bls_schedule - scrape_bls_schedule.py - scrape_bls_employment_situation_schedule:152 - Found: February 2025 -> 2025-03-07
2026-01-08 14:06:14,806 - INFO - scrape_bls_schedule - scrape_bls_schedule.py - scrape_bls_employment_situation_schedule:152 - Found: March 2025 -> 2025-04-04
2026-01-08 14:06:14,806 - INFO - scrape_bls_schedule - scrape_bls_schedule.py - scrape_bls_employment_situation_schedule:152 - Found: April 2025 -> 2025-05-02
2026-01-08 14:06:14,806 - INFO - scrape_bls_schedule - scrape_bls_schedule.py - scrape_bls_employment_situation_schedule:152 - Found: May 2025 -> 2025-06-06
2026-01-08 14:06:14,807 - INFO - scrape_bls_schedule - scrape_bls_schedule.py - scrape_bls_employment_situation_schedule:152 - Found: June 2025 -> 2025-07-03
2026-01-08 14:06:14,807 - INFO - scrape_bls_schedule - scrape_bls_schedule.py - scrape_bls_employment_situation_schedule:152 - Found: July 2025 -> 2025-08-01
2026-01-08 14:06:14,807 - INFO - scrape_bls_schedule - scrape_bls_schedule.py - scrape_bls_employment_situation_schedule:152 - Found: August 2025 -> 2025-09-05
2026-01-08 14:06:14,808 - INFO - scrape_bls_schedule - scrape_bls_schedule.py - scrape_bls_employment_situation_schedule:152 - Found: September 2025 -> 2025-11-20
2026-01-08 14:06:14,808 - INFO - scrape_bls_schedule - scrape_bls_schedule.py - scrape_bls_employment_situation_schedule:152 - Found: November 2025 -> 2025-12-16
2026-01-08 14:06:14,808 - INFO - scrape_bls_schedule - scrape_bls_schedule.py - scrape_bls_employment_situation_schedule:152 - Found: December 2025 -> 2026-01-09
2026-01-08 14:06:14,809 - INFO - scrape_bls_schedule - scrape_bls_schedule.py - scrape_bls_employment_situation_schedule:167 - Successfully scraped 14 NFP release dates
2026-01-08 14:07:42,204 - INFO - scrape_bls_schedule - scrape_bls_schedule.py - scrape_bls_employment_situation_schedule:95 - Scraping BLS Employment Situation schedule: https://www.bls.gov/schedule/news_release/empsit.htm
2026-01-08 14:07:42,353 - INFO - scrape_bls_schedule - scrape_bls_schedule.py - scrape_bls_employment_situation_schedule:152 - Found: October 2024 -> 2024-11-01
2026-01-08 14:07:42,353 - INFO - scrape_bls_schedule - scrape_bls_schedule.py - scrape_bls_employment_situation_schedule:152 - Found: November 2024 -> 2024-12-06
2026-01-08 14:07:42,354 - INFO - scrape_bls_schedule - scrape_bls_schedule.py - scrape_bls_employment_situation_schedule:152 - Found: December 2024 -> 2025-01-10
2026-01-08 14:07:42,354 - INFO - scrape_bls_schedule - scrape_bls_schedule.py - scrape_bls_employment_situation_schedule:152 - Found: January 2025 -> 2025-02-07
2026-01-08 14:07:42,354 - INFO - scrape_bls_schedule - scrape_bls_schedule.py - scrape_bls_employment_situation_schedule:152 - Found: February 2025 -> 2025-03-07
2026-01-08 14:07:42,354 - INFO - scrape_bls_schedule - scrape_bls_schedule.py - scrape_bls_employment_situation_schedule:152 - Found: March 2025 -> 2025-04-04
2026-01-08 14:07:42,355 - INFO - scrape_bls_schedule - scrape_bls_schedule.py - scrape_bls_employment_situation_schedule:152 - Found: April 2025 -> 2025-05-02
2026-01-08 14:07:42,355 - INFO - scrape_bls_schedule - scrape_bls_schedule.py - scrape_bls_employment_situation_schedule:152 - Found: May 2025 -> 2025-06-06
2026-01-08 14:07:42,355 - INFO - scrape_bls_schedule - scrape_bls_schedule.py - scrape_bls_employment_situation_schedule:152 - Found: June 2025 -> 2025-07-03
2026-01-08 14:07:42,355 - INFO - scrape_bls_schedule - scrape_bls_schedule.py - scrape_bls_employment_situation_schedule:152 - Found: July 2025 -> 2025-08-01
2026-01-08 14:07:42,356 - INFO - scrape_bls_schedule - scrape_bls_schedule.py - scrape_bls_employment_situation_schedule:152 - Found: August 2025 -> 2025-09-05
2026-01-08 14:07:42,356 - INFO - scrape_bls_schedule - scrape_bls_schedule.py - scrape_bls_employment_situation_schedule:152 - Found: September 2025 -> 2025-11-20
2026-01-08 14:07:42,356 - INFO - scrape_bls_schedule - scrape_bls_schedule.py - scrape_bls_employment_situation_schedule:152 - Found: November 2025 -> 2025-12-16
2026-01-08 14:07:42,356 - INFO - scrape_bls_schedule - scrape_bls_schedule.py - scrape_bls_employment_situation_schedule:152 - Found: December 2025 -> 2026-01-09
2026-01-08 14:07:42,356 - INFO - scrape_bls_schedule - scrape_bls_schedule.py - scrape_bls_employment_situation_schedule:152 - Found: October 2024 -> 2024-11-01
2026-01-08 14:07:42,357 - INFO - scrape_bls_schedule - scrape_bls_schedule.py - scrape_bls_employment_situation_schedule:152 - Found: November 2024 -> 2024-12-06
2026-01-08 14:07:42,357 - INFO - scrape_bls_schedule - scrape_bls_schedule.py - scrape_bls_employment_situation_schedule:152 - Found: December 2024 -> 2025-01-10
2026-01-08 14:07:42,357 - INFO - scrape_bls_schedule - scrape_bls_schedule.py - scrape_bls_employment_situation_schedule:152 - Found: January 2025 -> 2025-02-07
2026-01-08 14:07:42,357 - INFO - scrape_bls_schedule - scrape_bls_schedule.py - scrape_bls_employment_situation_schedule:152 - Found: February 2025 -> 2025-03-07
2026-01-08 14:07:42,357 - INFO - scrape_bls_schedule - scrape_bls_schedule.py - scrape_bls_employment_situation_schedule:152 - Found: March 2025 -> 2025-04-04
2026-01-08 14:07:42,358 - INFO - scrape_bls_schedule - scrape_bls_schedule.py - scrape_bls_employment_situation_schedule:152 - Found: April 2025 -> 2025-05-02
2026-01-08 14:07:42,358 - INFO - scrape_bls_schedule - scrape_bls_schedule.py - scrape_bls_employment_situation_schedule:152 - Found: May 2025 -> 2025-06-06
2026-01-08 14:07:42,358 - INFO - scrape_bls_schedule - scrape_bls_schedule.py - scrape_bls_employment_situation_schedule:152 - Found: June 2025 -> 2025-07-03
2026-01-08 14:07:42,358 - INFO - scrape_bls_schedule - scrape_bls_schedule.py - scrape_bls_employment_situation_schedule:152 - Found: July 2025 -> 2025-08-01
2026-01-08 14:07:42,358 - INFO - scrape_bls_schedule - scrape_bls_schedule.py - scrape_bls_employment_situation_schedule:152 - Found: August 2025 -> 2025-09-05
2026-01-08 14:07:42,359 - INFO - scrape_bls_schedule - scrape_bls_schedule.py - scrape_bls_employment_situation_schedule:152 - Found: September 2025 -> 2025-11-20
2026-01-08 14:07:42,359 - INFO - scrape_bls_schedule - scrape_bls_schedule.py - scrape_bls_employment_situation_schedule:152 - Found: November 2025 -> 2025-12-16
2026-01-08 14:07:42,359 - INFO - scrape_bls_schedule - scrape_bls_schedule.py - scrape_bls_employment_situation_schedule:152 - Found: December 2025 -> 2026-01-09
2026-01-08 14:07:42,360 - INFO - scrape_bls_schedule - scrape_bls_schedule.py - scrape_bls_employment_situation_schedule:167 - Successfully scraped 14 NFP release dates
2026-01-09 15:51:09,941 - INFO - scrape_bls_schedule - scrape_bls_schedule.py - scrape_bls_employment_situation_schedule:95 - Scraping BLS Employment Situation schedule: https://www.bls.gov/schedule/news_release/empsit.htm
2026-01-09 15:51:10,169 - INFO - scrape_bls_schedule - scrape_bls_schedule.py - scrape_bls_employment_situation_schedule:152 - Found: October 2024 -> 2024-11-01
2026-01-09 15:51:10,170 - INFO - scrape_bls_schedule - scrape_bls_schedule.py - scrape_bls_employment_situation_schedule:152 - Found: November 2024 -> 2024-12-06
2026-01-09 15:51:10,170 - INFO - scrape_bls_schedule - scrape_bls_schedule.py - scrape_bls_employment_situation_schedule:152 - Found: December 2024 -> 2025-01-10
2026-01-09 15:51:10,170 - INFO - scrape_bls_schedule - scrape_bls_schedule.py - scrape_bls_employment_situation_schedule:152 - Found: January 2025 -> 2025-02-07
2026-01-09 15:51:10,170 - INFO - scrape_bls_schedule - scrape_bls_schedule.py - scrape_bls_employment_situation_schedule:152 - Found: February 2025 -> 2025-03-07
2026-01-09 15:51:10,171 - INFO - scrape_bls_schedule - scrape_bls_schedule.py - scrape_bls_employment_situation_schedule:152 - Found: March 2025 -> 2025-04-04
2026-01-09 15:51:10,171 - INFO - scrape_bls_schedule - scrape_bls_schedule.py - scrape_bls_employment_situation_schedule:152 - Found: April 2025 -> 2025-05-02
2026-01-09 15:51:10,171 - INFO - scrape_bls_schedule - scrape_bls_schedule.py - scrape_bls_employment_situation_schedule:152 - Found: May 2025 -> 2025-06-06
2026-01-09 15:51:10,172 - INFO - scrape_bls_schedule - scrape_bls_schedule.py - scrape_bls_employment_situation_schedule:152 - Found: June 2025 -> 2025-07-03
2026-01-09 15:51:10,172 - INFO - scrape_bls_schedule - scrape_bls_schedule.py - scrape_bls_employment_situation_schedule:152 - Found: July 2025 -> 2025-08-01
2026-01-09 15:51:10,172 - INFO - scrape_bls_schedule - scrape_bls_schedule.py - scrape_bls_employment_situation_schedule:152 - Found: August 2025 -> 2025-09-05
2026-01-09 15:51:10,172 - INFO - scrape_bls_schedule - scrape_bls_schedule.py - scrape_bls_employment_situation_schedule:152 - Found: September 2025 -> 2025-11-20
2026-01-09 15:51:10,172 - INFO - scrape_bls_schedule - scrape_bls_schedule.py - scrape_bls_employment_situation_schedule:152 - Found: November 2025 -> 2025-12-16
2026-01-09 15:51:10,173 - INFO - scrape_bls_schedule - scrape_bls_schedule.py - scrape_bls_employment_situation_schedule:152 - Found: December 2025 -> 2026-01-09
2026-01-09 15:51:10,173 - INFO - scrape_bls_schedule - scrape_bls_schedule.py - scrape_bls_employment_situation_schedule:152 - Found: October 2024 -> 2024-11-01
2026-01-09 15:51:10,173 - INFO - scrape_bls_schedule - scrape_bls_schedule.py - scrape_bls_employment_situation_schedule:152 - Found: November 2024 -> 2024-12-06
2026-01-09 15:51:10,173 - INFO - scrape_bls_schedule - scrape_bls_schedule.py - scrape_bls_employment_situation_schedule:152 - Found: December 2024 -> 2025-01-10
2026-01-09 15:51:10,173 - INFO - scrape_bls_schedule - scrape_bls_schedule.py - scrape_bls_employment_situation_schedule:152 - Found: January 2025 -> 2025-02-07
2026-01-09 15:51:10,174 - INFO - scrape_bls_schedule - scrape_bls_schedule.py - scrape_bls_employment_situation_schedule:152 - Found: February 2025 -> 2025-03-07
2026-01-09 15:51:10,174 - INFO - scrape_bls_schedule - scrape_bls_schedule.py - scrape_bls_employment_situation_schedule:152 - Found: March 2025 -> 2025-04-04
2026-01-09 15:51:10,174 - INFO - scrape_bls_schedule - scrape_bls_schedule.py - scrape_bls_employment_situation_schedule:152 - Found: April 2025 -> 2025-05-02
2026-01-09 15:51:10,174 - INFO - scrape_bls_schedule - scrape_bls_schedule.py - scrape_bls_employment_situation_schedule:152 - Found: May 2025 -> 2025-06-06
2026-01-09 15:51:10,174 - INFO - scrape_bls_schedule - scrape_bls_schedule.py - scrape_bls_employment_situation_schedule:152 - Found: June 2025 -> 2025-07-03
2026-01-09 15:51:10,175 - INFO - scrape_bls_schedule - scrape_bls_schedule.py - scrape_bls_employment_situation_schedule:152 - Found: July 2025 -> 2025-08-01
2026-01-09 15:51:10,175 - INFO - scrape_bls_schedule - scrape_bls_schedule.py - scrape_bls_employment_situation_schedule:152 - Found: August 2025 -> 2025-09-05
2026-01-09 15:51:10,175 - INFO - scrape_bls_schedule - scrape_bls_schedule.py - scrape_bls_employment_situation_schedule:152 - Found: September 2025 -> 2025-11-20
2026-01-09 15:51:10,175 - INFO - scrape_bls_schedule - scrape_bls_schedule.py - scrape_bls_employment_situation_schedule:152 - Found: November 2025 -> 2025-12-16
2026-01-09 15:51:10,175 - INFO - scrape_bls_schedule - scrape_bls_schedule.py - scrape_bls_employment_situation_schedule:152 - Found: December 2025 -> 2026-01-09
2026-01-09 15:51:10,176 - INFO - scrape_bls_schedule - scrape_bls_schedule.py - scrape_bls_employment_situation_schedule:167 - Successfully scraped 14 NFP release dates
2026-01-09 15:51:10,190 - INFO - scrape_bls_schedule - scrape_bls_schedule.py - scrape_bls_employment_situation_schedule:95 - Scraping BLS Employment Situation schedule: https://www.bls.gov/schedule/news_release/empsit.htm
2026-01-09 15:51:10,269 - INFO - scrape_bls_schedule - scrape_bls_schedule.py - scrape_bls_employment_situation_schedule:152 - Found: October 2024 -> 2024-11-01
2026-01-09 15:51:10,269 - INFO - scrape_bls_schedule - scrape_bls_schedule.py - scrape_bls_employment_situation_schedule:152 - Found: November 2024 -> 2024-12-06
2026-01-09 15:51:10,270 - INFO - scrape_bls_schedule - scrape_bls_schedule.py - scrape_bls_employment_situation_schedule:152 - Found: December 2024 -> 2025-01-10
2026-01-09 15:51:10,270 - INFO - scrape_bls_schedule - scrape_bls_schedule.py - scrape_bls_employment_situation_schedule:152 - Found: January 2025 -> 2025-02-07
2026-01-09 15:51:10,270 - INFO - scrape_bls_schedule - scrape_bls_schedule.py - scrape_bls_employment_situation_schedule:152 - Found: February 2025 -> 2025-03-07
2026-01-09 15:51:10,270 - INFO - scrape_bls_schedule - scrape_bls_schedule.py - scrape_bls_employment_situation_schedule:152 - Found: March 2025 -> 2025-04-04
2026-01-09 15:51:10,270 - INFO - scrape_bls_schedule - scrape_bls_schedule.py - scrape_bls_employment_situation_schedule:152 - Found: April 2025 -> 2025-05-02
2026-01-09 15:51:10,271 - INFO - scrape_bls_schedule - scrape_bls_schedule.py - scrape_bls_employment_situation_schedule:152 - Found: May 2025 -> 2025-06-06
2026-01-09 15:51:10,271 - INFO - scrape_bls_schedule - scrape_bls_schedule.py - scrape_bls_employment_situation_schedule:152 - Found: June 2025 -> 2025-07-03
2026-01-09 15:51:10,271 - INFO - scrape_bls_schedule - scrape_bls_schedule.py - scrape_bls_employment_situation_schedule:152 - Found: July 2025 -> 2025-08-01
2026-01-09 15:51:10,271 - INFO - scrape_bls_schedule - scrape_bls_schedule.py - scrape_bls_employment_situation_schedule:152 - Found: August 2025 -> 2025-09-05
2026-01-09 15:51:10,271 - INFO - scrape_bls_schedule - scrape_bls_schedule.py - scrape_bls_employment_situation_schedule:152 - Found: September 2025 -> 2025-11-20
2026-01-09 15:51:10,272 - INFO - scrape_bls_schedule - scrape_bls_schedule.py - scrape_bls_employment_situation_schedule:152 - Found: November 2025 -> 2025-12-16
2026-01-09 15:51:10,272 - INFO - scrape_bls_schedule - scrape_bls_schedule.py - scrape_bls_employment_situation_schedule:152 - Found: December 2025 -> 2026-01-09
2026-01-09 15:51:10,272 - INFO - scrape_bls_schedule - scrape_bls_schedule.py - scrape_bls_employment_situation_schedule:152 - Found: October 2024 -> 2024-11-01
2026-01-09 15:51:10,272 - INFO - scrape_bls_schedule - scrape_bls_schedule.py - scrape_bls_employment_situation_schedule:152 - Found: November 2024 -> 2024-12-06
2026-01-09 15:51:10,272 - INFO - scrape_bls_schedule - scrape_bls_schedule.py - scrape_bls_employment_situation_schedule:152 - Found: December 2024 -> 2025-01-10
2026-01-09 15:51:10,273 - INFO - scrape_bls_schedule - scrape_bls_schedule.py - scrape_bls_employment_situation_schedule:152 - Found: January 2025 -> 2025-02-07
2026-01-09 15:51:10,273 - INFO - scrape_bls_schedule - scrape_bls_schedule.py - scrape_bls_employment_situation_schedule:152 - Found: February 2025 -> 2025-03-07
2026-01-09 15:51:10,273 - INFO - scrape_bls_schedule - scrape_bls_schedule.py - scrape_bls_employment_situation_schedule:152 - Found: March 2025 -> 2025-04-04
2026-01-09 15:51:10,273 - INFO - scrape_bls_schedule - scrape_bls_schedule.py - scrape_bls_employment_situation_schedule:152 - Found: April 2025 -> 2025-05-02
2026-01-09 15:51:10,273 - INFO - scrape_bls_schedule - scrape_bls_schedule.py - scrape_bls_employment_situation_schedule:152 - Found: May 2025 -> 2025-06-06
2026-01-09 15:51:10,274 - INFO - scrape_bls_schedule - scrape_bls_schedule.py - scrape_bls_employment_situation_schedule:152 - Found: June 2025 -> 2025-07-03
2026-01-09 15:51:10,274 - INFO - scrape_bls_schedule - scrape_bls_schedule.py - scrape_bls_employment_situation_schedule:152 - Found: July 2025 -> 2025-08-01
2026-01-09 15:51:10,274 - INFO - scrape_bls_schedule - scrape_bls_schedule.py - scrape_bls_employment_situation_schedule:152 - Found: August 2025 -> 2025-09-05
2026-01-09 15:51:10,274 - INFO - scrape_bls_schedule - scrape_bls_schedule.py - scrape_bls_employment_situation_schedule:152 - Found: September 2025 -> 2025-11-20
2026-01-09 15:51:10,274 - INFO - scrape_bls_schedule - scrape_bls_schedule.py - scrape_bls_employment_situation_schedule:152 - Found: November 2025 -> 2025-12-16
2026-01-09 15:51:10,275 - INFO - scrape_bls_schedule - scrape_bls_schedule.py - scrape_bls_employment_situation_schedule:152 - Found: December 2025 -> 2026-01-09
2026-01-09 15:51:10,275 - INFO - scrape_bls_schedule - scrape_bls_schedule.py - scrape_bls_employment_situation_schedule:167 - Successfully scraped 14 NFP release dates
2026-01-09 15:51:30,635 - INFO - scrape_bls_schedule - scrape_bls_schedule.py - scrape_bls_employment_situation_schedule:95 - Scraping BLS Employment Situation schedule: https://www.bls.gov/schedule/news_release/empsit.htm
2026-01-09 15:51:30,705 - INFO - scrape_bls_schedule - scrape_bls_schedule.py - scrape_bls_employment_situation_schedule:152 - Found: October 2024 -> 2024-11-01
2026-01-09 15:51:30,705 - INFO - scrape_bls_schedule - scrape_bls_schedule.py - scrape_bls_employment_situation_schedule:152 - Found: November 2024 -> 2024-12-06
2026-01-09 15:51:30,705 - INFO - scrape_bls_schedule - scrape_bls_schedule.py - scrape_bls_employment_situation_schedule:152 - Found: December 2024 -> 2025-01-10
2026-01-09 15:51:30,706 - INFO - scrape_bls_schedule - scrape_bls_schedule.py - scrape_bls_employment_situation_schedule:152 - Found: January 2025 -> 2025-02-07
2026-01-09 15:51:30,706 - INFO - scrape_bls_schedule - scrape_bls_schedule.py - scrape_bls_employment_situation_schedule:152 - Found: February 2025 -> 2025-03-07
2026-01-09 15:51:30,706 - INFO - scrape_bls_schedule - scrape_bls_schedule.py - scrape_bls_employment_situation_schedule:152 - Found: March 2025 -> 2025-04-04
2026-01-09 15:51:30,706 - INFO - scrape_bls_schedule - scrape_bls_schedule.py - scrape_bls_employment_situation_schedule:152 - Found: April 2025 -> 2025-05-02
2026-01-09 15:51:30,706 - INFO - scrape_bls_schedule - scrape_bls_schedule.py - scrape_bls_employment_situation_schedule:152 - Found: May 2025 -> 2025-06-06
2026-01-09 15:51:30,707 - INFO - scrape_bls_schedule - scrape_bls_schedule.py - scrape_bls_employment_situation_schedule:152 - Found: June 2025 -> 2025-07-03
2026-01-09 15:51:30,707 - INFO - scrape_bls_schedule - scrape_bls_schedule.py - scrape_bls_employment_situation_schedule:152 - Found: July 2025 -> 2025-08-01
2026-01-09 15:51:30,707 - INFO - scrape_bls_schedule - scrape_bls_schedule.py - scrape_bls_employment_situation_schedule:152 - Found: August 2025 -> 2025-09-05
2026-01-09 15:51:30,707 - INFO - scrape_bls_schedule - scrape_bls_schedule.py - scrape_bls_employment_situation_schedule:152 - Found: September 2025 -> 2025-11-20
2026-01-09 15:51:30,707 - INFO - scrape_bls_schedule - scrape_bls_schedule.py - scrape_bls_employment_situation_schedule:152 - Found: November 2025 -> 2025-12-16
2026-01-09 15:51:30,708 - INFO - scrape_bls_schedule - scrape_bls_schedule.py - scrape_bls_employment_situation_schedule:152 - Found: December 2025 -> 2026-01-09
2026-01-09 15:51:30,708 - INFO - scrape_bls_schedule - scrape_bls_schedule.py - scrape_bls_employment_situation_schedule:152 - Found: October 2024 -> 2024-11-01
2026-01-09 15:51:30,708 - INFO - scrape_bls_schedule - scrape_bls_schedule.py - scrape_bls_employment_situation_schedule:152 - Found: November 2024 -> 2024-12-06
2026-01-09 15:51:30,708 - INFO - scrape_bls_schedule - scrape_bls_schedule.py - scrape_bls_employment_situation_schedule:152 - Found: December 2024 -> 2025-01-10
2026-01-09 15:51:30,708 - INFO - scrape_bls_schedule - scrape_bls_schedule.py - scrape_bls_employment_situation_schedule:152 - Found: January 2025 -> 2025-02-07
2026-01-09 15:51:30,708 - INFO - scrape_bls_schedule - scrape_bls_schedule.py - scrape_bls_employment_situation_schedule:152 - Found: February 2025 -> 2025-03-07
2026-01-09 15:51:30,709 - INFO - scrape_bls_schedule - scrape_bls_schedule.py - scrape_bls_employment_situation_schedule:152 - Found: March 2025 -> 2025-04-04
2026-01-09 15:51:30,709 - INFO - scrape_bls_schedule - scrape_bls_schedule.py - scrape_bls_employment_situation_schedule:152 - Found: April 2025 -> 2025-05-02
2026-01-09 15:51:30,709 - INFO - scrape_bls_schedule - scrape_bls_schedule.py - scrape_bls_employment_situation_schedule:152 - Found: May 2025 -> 2025-06-06
2026-01-09 15:51:30,709 - INFO - scrape_bls_schedule - scrape_bls_schedule.py - scrape_bls_employment_situation_schedule:152 - Found: June 2025 -> 2025-07-03
2026-01-09 15:51:30,709 - INFO - scrape_bls_schedule - scrape_bls_schedule.py - scrape_bls_employment_situation_schedule:152 - Found: July 2025 -> 2025-08-01
2026-01-09 15:51:30,709 - INFO - scrape_bls_schedule - scrape_bls_schedule.py - scrape_bls_employment_situation_schedule:152 - Found: August 2025 -> 2025-09-05
2026-01-09 15:51:30,709 - INFO - scrape_bls_schedule - scrape_bls_schedule.py - scrape_bls_employment_situation_schedule:152 - Found: September 2025 -> 2025-11-20
2026-01-09 15:51:30,710 - INFO - scrape_bls_schedule - scrape_bls_schedule.py - scrape_bls_employment_situation_schedule:152 - Found: November 2025 -> 2025-12-16
2026-01-09 15:51:30,710 - INFO - scrape_bls_schedule - scrape_bls_schedule.py - scrape_bls_employment_situation_schedule:152 - Found: December 2025 -> 2026-01-09
2026-01-09 15:51:30,713 - INFO - scrape_bls_schedule - scrape_bls_schedule.py - scrape_bls_employment_situation_schedule:167 - Successfully scraped 14 NFP release dates
2026-01-09 15:51:30,715 - INFO - scrape_bls_schedule - scrape_bls_schedule.py - scrape_bls_employment_situation_schedule:95 - Scraping BLS Employment Situation schedule: https://www.bls.gov/schedule/news_release/empsit.htm
2026-01-09 15:51:30,764 - INFO - scrape_bls_schedule - scrape_bls_schedule.py - scrape_bls_employment_situation_schedule:152 - Found: October 2024 -> 2024-11-01
2026-01-09 15:51:30,765 - INFO - scrape_bls_schedule - scrape_bls_schedule.py - scrape_bls_employment_situation_schedule:152 - Found: November 2024 -> 2024-12-06
2026-01-09 15:51:30,765 - INFO - scrape_bls_schedule - scrape_bls_schedule.py - scrape_bls_employment_situation_schedule:152 - Found: December 2024 -> 2025-01-10
2026-01-09 15:51:30,765 - INFO - scrape_bls_schedule - scrape_bls_schedule.py - scrape_bls_employment_situation_schedule:152 - Found: January 2025 -> 2025-02-07
2026-01-09 15:51:30,765 - INFO - scrape_bls_schedule - scrape_bls_schedule.py - scrape_bls_employment_situation_schedule:152 - Found: February 2025 -> 2025-03-07
2026-01-09 15:51:30,765 - INFO - scrape_bls_schedule - scrape_bls_schedule.py - scrape_bls_employment_situation_schedule:152 - Found: March 2025 -> 2025-04-04
2026-01-09 15:51:30,766 - INFO - scrape_bls_schedule - scrape_bls_schedule.py - scrape_bls_employment_situation_schedule:152 - Found: April 2025 -> 2025-05-02
2026-01-09 15:51:30,766 - INFO - scrape_bls_schedule - scrape_bls_schedule.py - scrape_bls_employment_situation_schedule:152 - Found: May 2025 -> 2025-06-06
2026-01-09 15:51:30,766 - INFO - scrape_bls_schedule - scrape_bls_schedule.py - scrape_bls_employment_situation_schedule:152 - Found: June 2025 -> 2025-07-03
2026-01-09 15:51:30,766 - INFO - scrape_bls_schedule - scrape_bls_schedule.py - scrape_bls_employment_situation_schedule:152 - Found: July 2025 -> 2025-08-01
2026-01-09 15:51:30,766 - INFO - scrape_bls_schedule - scrape_bls_schedule.py - scrape_bls_employment_situation_schedule:152 - Found: August 2025 -> 2025-09-05
2026-01-09 15:51:30,766 - INFO - scrape_bls_schedule - scrape_bls_schedule.py - scrape_bls_employment_situation_schedule:152 - Found: September 2025 -> 2025-11-20
2026-01-09 15:51:30,767 - INFO - scrape_bls_schedule - scrape_bls_schedule.py - scrape_bls_employment_situation_schedule:152 - Found: November 2025 -> 2025-12-16
2026-01-09 15:51:30,767 - INFO - scrape_bls_schedule - scrape_bls_schedule.py - scrape_bls_employment_situation_schedule:152 - Found: December 2025 -> 2026-01-09
2026-01-09 15:51:30,767 - INFO - scrape_bls_schedule - scrape_bls_schedule.py - scrape_bls_employment_situation_schedule:152 - Found: October 2024 -> 2024-11-01
2026-01-09 15:51:30,767 - INFO - scrape_bls_schedule - scrape_bls_schedule.py - scrape_bls_employment_situation_schedule:152 - Found: November 2024 -> 2024-12-06
2026-01-09 15:51:30,767 - INFO - scrape_bls_schedule - scrape_bls_schedule.py - scrape_bls_employment_situation_schedule:152 - Found: December 2024 -> 2025-01-10
2026-01-09 15:51:30,767 - INFO - scrape_bls_schedule - scrape_bls_schedule.py - scrape_bls_employment_situation_schedule:152 - Found: January 2025 -> 2025-02-07
2026-01-09 15:51:30,767 - INFO - scrape_bls_schedule - scrape_bls_schedule.py - scrape_bls_employment_situation_schedule:152 - Found: February 2025 -> 2025-03-07
2026-01-09 15:51:30,768 - INFO - scrape_bls_schedule - scrape_bls_schedule.py - scrape_bls_employment_situation_schedule:152 - Found: March 2025 -> 2025-04-04
2026-01-09 15:51:30,768 - INFO - scrape_bls_schedule - scrape_bls_schedule.py - scrape_bls_employment_situation_schedule:152 - Found: April 2025 -> 2025-05-02
2026-01-09 15:51:30,768 - INFO - scrape_bls_schedule - scrape_bls_schedule.py - scrape_bls_employment_situation_schedule:152 - Found: May 2025 -> 2025-06-06
2026-01-09 15:51:30,768 - INFO - scrape_bls_schedule - scrape_bls_schedule.py - scrape_bls_employment_situation_schedule:152 - Found: June 2025 -> 2025-07-03
2026-01-09 15:51:30,768 - INFO - scrape_bls_schedule - scrape_bls_schedule.py - scrape_bls_employment_situation_schedule:152 - Found: July 2025 -> 2025-08-01
2026-01-09 15:51:30,768 - INFO - scrape_bls_schedule - scrape_bls_schedule.py - scrape_bls_employment_situation_schedule:152 - Found: August 2025 -> 2025-09-05
2026-01-09 15:51:30,769 - INFO - scrape_bls_schedule - scrape_bls_schedule.py - scrape_bls_employment_situation_schedule:152 - Found: September 2025 -> 2025-11-20
2026-01-09 15:51:30,769 - INFO - scrape_bls_schedule - scrape_bls_schedule.py - scrape_bls_employment_situation_schedule:152 - Found: November 2025 -> 2025-12-16
2026-01-09 15:51:30,769 - INFO - scrape_bls_schedule - scrape_bls_schedule.py - scrape_bls_employment_situation_schedule:152 - Found: December 2025 -> 2026-01-09
2026-01-09 15:51:30,770 - INFO - scrape_bls_schedule - scrape_bls_schedule.py - scrape_bls_employment_situation_schedule:167 - Successfully scraped 14 NFP release dates
2026-01-09 15:51:30,773 - WARNING - scrape_bls_schedule - scrape_bls_schedule.py - fill_missing_with_first_friday:256 - Missing BLS date for January 2026, using first Friday fallback: 2026-02-06
2026-01-09 15:51:30,773 - WARNING - scrape_bls_schedule - scrape_bls_schedule.py - fill_missing_with_first_friday:256 - Missing BLS date for February 2026, using first Friday fallback: 2026-03-06
